TpTrace Verbose: 0 : 23676, 1, 2023/08/18, 11:33:58.997, 764092335136, vstest.console.dll, Version: 17.5.0-release-20221220-01 Current process architecture: X64
TpTrace Verbose: 0 : 23676, 1, 2023/08/18, 11:33:58.998, 764092349027, vstest.console.dll, Runtime location: C:\Program Files\dotnet\shared\Microsoft.NETCore.App\7.0.3
TpTrace Verbose: 0 : 23676, 1, 2023/08/18, 11:33:59.000, 764092370047, vstest.console.dll, ArtifactProcessingPostProcessModeProcessorExecutor.Initialize: ArtifactProcessingMode.Collect
TpTrace Verbose: 0 : 23676, 1, 2023/08/18, 11:33:59.000, 764092371150, vstest.console.dll, TestSessionCorrelationIdProcessorModeProcessorExecutor.Initialize: TestSessionCorrelationId '35896_c9bf0f90-b796-4887-837f-a6ca9f1444cb'
TpTrace Information: 0 : 23676, 1, 2023/08/18, 11:33:59.006, 764092429599, vstest.console.dll, FilePatternParser: The given file C:\Anthonyus\Repo\RaboAssignment\RaboAssignment\RecordRetrieverTest\bin\Debug\net6.0\fine-code-coverage\build-output\RecordRetrieverTest.dll is a full path.
TpTrace Verbose: 0 : 23676, 1, 2023/08/18, 11:33:59.010, 764092470234, vstest.console.dll, TestPluginCache.DiscoverTestExtensions: finding test extensions in assemblies ends with: RuntimeProvider.dll TPluginInfo: Microsoft.VisualStudio.TestPlatform.Common.ExtensionFramework.Utilities.TestRuntimePluginInformation TExtension: Microsoft.VisualStudio.TestPlatform.ObjectModel.Host.ITestRuntimeProvider
TpTrace Verbose: 0 : 23676, 1, 2023/08/18, 11:33:59.011, 764092473210, vstest.console.dll, TestPluginCache.GetExtensionPaths: Filtered extension paths: 
TpTrace Verbose: 0 : 23676, 1, 2023/08/18, 11:33:59.011, 764092473734, vstest.console.dll, TestPluginCache.GetExtensionPaths: Added default extension paths: C:\Program Files\dotnet\sdk\7.0.200\Extensions\Microsoft.Diagnostics.NETCore.Client.dll
C:\Program Files\dotnet\sdk\7.0.200\Extensions\Microsoft.TestPlatform.Extensions.BlameDataCollector.dll
C:\Program Files\dotnet\sdk\7.0.200\Extensions\Microsoft.TestPlatform.Extensions.EventLogCollector.dll
C:\Program Files\dotnet\sdk\7.0.200\Extensions\Microsoft.TestPlatform.TestHostRuntimeProvider.dll
C:\Program Files\dotnet\sdk\7.0.200\Extensions\Microsoft.VisualStudio.TestPlatform.Extensions.Html.TestLogger.dll
C:\Program Files\dotnet\sdk\7.0.200\Extensions\Microsoft.VisualStudio.TestPlatform.Extensions.Trx.TestLogger.dll
TpTrace Verbose: 0 : 23676, 1, 2023/08/18, 11:33:59.011, 764092473939, vstest.console.dll, TestPluginCache.GetExtensionPaths: Added unfilterableExtensionPaths: 
TpTrace Information: 0 : 23676, 1, 2023/08/18, 11:33:59.011, 764092478298, vstest.console.dll, AssemblyResolver.ctor: Creating AssemblyResolver with searchDirectories C:\Program Files\dotnet\sdk\7.0.200\Extensions,C:\Program Files\dotnet\sdk\7.0.200
TpTrace Verbose: 0 : 23676, 1, 2023/08/18, 11:33:59.012, 764092488567, vstest.console.dll, TestPluginCache.DiscoverTestExtensions: Discovering the extensions using extension path.
TpTrace Verbose: 0 : 23676, 1, 2023/08/18, 11:33:59.012, 764092489520, vstest.console.dll, TestPluginCache.GetExtensionPaths: Filtered extension paths: 
TpTrace Verbose: 0 : 23676, 1, 2023/08/18, 11:33:59.012, 764092489704, vstest.console.dll, TestPluginCache.GetExtensionPaths: Added default extension paths: C:\Program Files\dotnet\sdk\7.0.200\Extensions\Microsoft.Diagnostics.NETCore.Client.dll
C:\Program Files\dotnet\sdk\7.0.200\Extensions\Microsoft.TestPlatform.Extensions.BlameDataCollector.dll
C:\Program Files\dotnet\sdk\7.0.200\Extensions\Microsoft.TestPlatform.Extensions.EventLogCollector.dll
C:\Program Files\dotnet\sdk\7.0.200\Extensions\Microsoft.TestPlatform.TestHostRuntimeProvider.dll
C:\Program Files\dotnet\sdk\7.0.200\Extensions\Microsoft.VisualStudio.TestPlatform.Extensions.Html.TestLogger.dll
C:\Program Files\dotnet\sdk\7.0.200\Extensions\Microsoft.VisualStudio.TestPlatform.Extensions.Trx.TestLogger.dll
TpTrace Verbose: 0 : 23676, 1, 2023/08/18, 11:33:59.012, 764092489844, vstest.console.dll, TestPluginCache.GetExtensionPaths: Added unfilterableExtensionPaths: 
TpTrace Verbose: 0 : 23676, 1, 2023/08/18, 11:33:59.012, 764092490391, vstest.console.dll, TestPluginCache.DiscoverTestExtensions: Discovering the extensions using allExtensionPaths: C:\Program Files\dotnet\sdk\7.0.200\Extensions\Microsoft.Diagnostics.NETCore.Client.dll
C:\Program Files\dotnet\sdk\7.0.200\Extensions\Microsoft.TestPlatform.Extensions.BlameDataCollector.dll
C:\Program Files\dotnet\sdk\7.0.200\Extensions\Microsoft.TestPlatform.Extensions.EventLogCollector.dll
C:\Program Files\dotnet\sdk\7.0.200\Extensions\Microsoft.TestPlatform.TestHostRuntimeProvider.dll
C:\Program Files\dotnet\sdk\7.0.200\Extensions\Microsoft.VisualStudio.TestPlatform.Extensions.Html.TestLogger.dll
C:\Program Files\dotnet\sdk\7.0.200\Extensions\Microsoft.VisualStudio.TestPlatform.Extensions.Trx.TestLogger.dll
TpTrace Information: 0 : 23676, 1, 2023/08/18, 11:33:59.012, 764092491510, vstest.console.dll, AssemblyResolver.AddSearchDirectories: Adding more searchDirectories C:\Program Files\dotnet\sdk\7.0.200\Extensions,C:\Program Files\dotnet\sdk\7.0.200
TpTrace Information: 0 : 23676, 1, 2023/08/18, 11:33:59.013, 764092491873, vstest.console.dll, AssemblyResolver.AddSearchDirectories: Adding more searchDirectories C:\Program Files\dotnet\sdk\7.0.200\Extensions,C:\Program Files\dotnet\sdk\7.0.200
TpTrace Information: 0 : 23676, 1, 2023/08/18, 11:33:59.013, 764092492012, vstest.console.dll, AssemblyResolver.AddSearchDirectories: Adding more searchDirectories C:\Program Files\dotnet\sdk\7.0.200\Extensions,C:\Program Files\dotnet\sdk\7.0.200
TpTrace Information: 0 : 23676, 1, 2023/08/18, 11:33:59.013, 764092492137, vstest.console.dll, AssemblyResolver.AddSearchDirectories: Adding more searchDirectories C:\Program Files\dotnet\sdk\7.0.200\Extensions,C:\Program Files\dotnet\sdk\7.0.200
TpTrace Information: 0 : 23676, 1, 2023/08/18, 11:33:59.013, 764092492248, vstest.console.dll, AssemblyResolver.AddSearchDirectories: Adding more searchDirectories C:\Program Files\dotnet\sdk\7.0.200\Extensions,C:\Program Files\dotnet\sdk\7.0.200
TpTrace Information: 0 : 23676, 1, 2023/08/18, 11:33:59.013, 764092492358, vstest.console.dll, AssemblyResolver.AddSearchDirectories: Adding more searchDirectories C:\Program Files\dotnet\sdk\7.0.200\Extensions,C:\Program Files\dotnet\sdk\7.0.200
TpTrace Information: 0 : 23676, 1, 2023/08/18, 11:33:59.013, 764092495250, vstest.console.dll, AssemblyResolver.OnResolve: Microsoft.Diagnostics.NETCore.Client: Resolving assembly.
TpTrace Information: 0 : 23676, 1, 2023/08/18, 11:33:59.013, 764092495794, vstest.console.dll, AssemblyResolver.OnResolve: Microsoft.Diagnostics.NETCore.Client: Searching in: 'C:\Program Files\dotnet\sdk\7.0.200\Extensions'.
TpTrace Information: 0 : 23676, 1, 2023/08/18, 11:33:59.018, 764092546105, vstest.console.dll, AssemblyResolver.OnResolve: Microsoft.Diagnostics.NETCore.Client: Loading assembly 'C:\Program Files\dotnet\sdk\7.0.200\Extensions\Microsoft.Diagnostics.NETCore.Client.dll'.
TpTrace Information: 0 : 23676, 1, 2023/08/18, 11:33:59.019, 764092552559, vstest.console.dll, AssemblyResolver.OnResolve: Resolved assembly: Microsoft.Diagnostics.NETCore.Client, from path: C:\Program Files\dotnet\sdk\7.0.200\Extensions\Microsoft.Diagnostics.NETCore.Client.dll
TpTrace Verbose: 0 : 23676, 1, 2023/08/18, 11:33:59.019, 764092560271, vstest.console.dll, MetadataReaderExtensionsHelper: Discovering extensions inside assembly 'Microsoft.Diagnostics.NETCore.Client, Version=0.2.6.42401, Culture=neutral, PublicKeyToken=31bf3856ad364e35' file path 'C:\Program Files\dotnet\sdk\7.0.200\Extensions\Microsoft.Diagnostics.NETCore.Client.dll'
TpTrace Information: 0 : 23676, 1, 2023/08/18, 11:33:59.022, 764092588114, vstest.console.dll, AssemblyResolver.OnResolve: Microsoft.Bcl.AsyncInterfaces: Resolving assembly.
TpTrace Information: 0 : 23676, 1, 2023/08/18, 11:33:59.022, 764092588784, vstest.console.dll, AssemblyResolver.OnResolve: Microsoft.Bcl.AsyncInterfaces: Searching in: 'C:\Program Files\dotnet\sdk\7.0.200\Extensions'.
TpTrace Information: 0 : 23676, 1, 2023/08/18, 11:33:59.022, 764092589250, vstest.console.dll, AssemblyResolver.OnResolve: Microsoft.Bcl.AsyncInterfaces: Assembly path does not exist: 'C:\Program Files\dotnet\sdk\7.0.200\Extensions\Microsoft.Bcl.AsyncInterfaces.dll', returning.
TpTrace Information: 0 : 23676, 1, 2023/08/18, 11:33:59.022, 764092589803, vstest.console.dll, AssemblyResolver.OnResolve: Microsoft.Bcl.AsyncInterfaces: Assembly path does not exist: 'C:\Program Files\dotnet\sdk\7.0.200\Extensions\Microsoft.Bcl.AsyncInterfaces.exe', returning.
TpTrace Information: 0 : 23676, 1, 2023/08/18, 11:33:59.022, 764092589920, vstest.console.dll, AssemblyResolver.OnResolve: Microsoft.Bcl.AsyncInterfaces: Searching in: 'C:\Program Files\dotnet\sdk\7.0.200'.
TpTrace Information: 0 : 23676, 1, 2023/08/18, 11:33:59.022, 764092590238, vstest.console.dll, AssemblyResolver.OnResolve: Microsoft.Bcl.AsyncInterfaces: Assembly path does not exist: 'C:\Program Files\dotnet\sdk\7.0.200\Microsoft.Bcl.AsyncInterfaces.dll', returning.
TpTrace Information: 0 : 23676, 1, 2023/08/18, 11:33:59.022, 764092590431, vstest.console.dll, AssemblyResolver.OnResolve: Microsoft.Bcl.AsyncInterfaces: Assembly path does not exist: 'C:\Program Files\dotnet\sdk\7.0.200\Microsoft.Bcl.AsyncInterfaces.exe', returning.
TpTrace Information: 0 : 23676, 1, 2023/08/18, 11:33:59.022, 764092590527, vstest.console.dll, AssemblyResolver.OnResolve: Microsoft.Bcl.AsyncInterfaces: Failed to load assembly.
TpTrace Verbose: 0 : 23676, 1, 2023/08/18, 11:33:59.022, 764092590683, vstest.console.dll, CurrentDomainAssemblyResolve: Resolving assembly 'Microsoft.Bcl.AsyncInterfaces'.
TpTrace Information: 0 : 23676, 1, 2023/08/18, 11:33:59.022, 764092590996, vstest.console.dll, AssemblyResolver.OnResolve: Microsoft.Bcl.AsyncInterfaces: Resolving assembly.
TpTrace Information: 0 : 23676, 1, 2023/08/18, 11:33:59.022, 764092591146, vstest.console.dll, AssemblyResolver.OnResolve: Microsoft.Bcl.AsyncInterfaces: Resolved from cache.
TpTrace Verbose: 0 : 23676, 1, 2023/08/18, 11:33:59.022, 764092591238, vstest.console.dll, CurrentDomainAssemblyResolve: Resolving assembly 'Microsoft.Bcl.AsyncInterfaces'.
TpTrace Verbose: 0 : 23676, 1, 2023/08/18, 11:33:59.022, 764092591382, vstest.console.dll, CurrentDomainAssemblyResolve: Failed to resolve assembly 'Microsoft.Bcl.AsyncInterfaces'.
TpTrace Verbose: 0 : 23676, 1, 2023/08/18, 11:33:59.023, 764092596442, vstest.console.dll, CurrentDomainAssemblyResolve: Failed to resolve assembly 'Microsoft.Bcl.AsyncInterfaces'.
TpTrace Warning: 0 : 23676, 1, 2023/08/18, 11:33:59.027, 764092637565, vstest.console.dll, TestPluginDiscoverer: Failed to get types from assembly 'Microsoft.Diagnostics.NETCore.Client, Version=0.2.6.42401, Culture=neutral, PublicKeyToken=31bf3856ad364e35'. Error: System.Reflection.ReflectionTypeLoadException: Unable to load one or more of the requested types.
Could not load file or assembly 'Microsoft.Bcl.AsyncInterfaces, Version=1.0.0.0, Culture=neutral, PublicKeyToken=cc7b13ffcd2ddd51'. The system cannot find the file specified.
   at System.Reflection.RuntimeModule.GetTypes(RuntimeModule module)
   at System.Reflection.Assembly.GetTypes()
   at Microsoft.VisualStudio.TestPlatform.Common.ExtensionFramework.TestPluginDiscoverer.GetTestExtensionsFromAssembly[TPluginInfo,TExtension](Assembly assembly, Dictionary`2 pluginInfos, String filePath)
System.IO.FileNotFoundException: Could not load file or assembly 'Microsoft.Bcl.AsyncInterfaces, Version=1.0.0.0, Culture=neutral, PublicKeyToken=cc7b13ffcd2ddd51'. The system cannot find the file specified.
File name: 'Microsoft.Bcl.AsyncInterfaces, Version=1.0.0.0, Culture=neutral, PublicKeyToken=cc7b13ffcd2ddd51'
 ---> System.IO.FileNotFoundException: Could not load file or assembly 'Microsoft.Bcl.AsyncInterfaces, Culture=neutral, PublicKeyToken=null'. The system cannot find the file specified.
File name: 'Microsoft.Bcl.AsyncInterfaces, Culture=neutral, PublicKeyToken=null'
   at System.Reflection.RuntimeAssembly.InternalLoad(AssemblyName assemblyName, StackCrawlMark& stackMark, AssemblyLoadContext assemblyLoadContext, RuntimeAssembly requestingAssembly, Boolean throwOnFileNotFound)
   at System.Reflection.Assembly.Load(AssemblyName assemblyRef)
   at Microsoft.VisualStudio.TestPlatform.Common.ExtensionFramework.TestPluginCache.CurrentDomainAssemblyResolve(Object sender, AssemblyResolveEventArgs args)
   at System.Runtime.Loader.AssemblyLoadContext.GetFirstResolvedAssemblyFromResolvingEvent(AssemblyName assemblyName)
   at System.Runtime.Loader.AssemblyLoadContext.ResolveUsingEvent(AssemblyName assemblyName)
   at System.Runtime.Loader.AssemblyLoadContext.ResolveUsingResolvingEvent(IntPtr gchManagedAssemblyLoadContext, AssemblyName assemblyName)
TpTrace Warning: 0 : 23676, 1, 2023/08/18, 11:33:59.027, 764092640478, vstest.console.dll, LoaderExceptions: System.IO.FileNotFoundException: Could not load file or assembly 'Microsoft.Bcl.AsyncInterfaces, Version=1.0.0.0, Culture=neutral, PublicKeyToken=cc7b13ffcd2ddd51'. The system cannot find the file specified.
File name: 'Microsoft.Bcl.AsyncInterfaces, Version=1.0.0.0, Culture=neutral, PublicKeyToken=cc7b13ffcd2ddd51'
 ---> System.IO.FileNotFoundException: Could not load file or assembly 'Microsoft.Bcl.AsyncInterfaces, Culture=neutral, PublicKeyToken=null'. The system cannot find the file specified.
File name: 'Microsoft.Bcl.AsyncInterfaces, Culture=neutral, PublicKeyToken=null'
   at System.Reflection.RuntimeAssembly.InternalLoad(AssemblyName assemblyName, StackCrawlMark& stackMark, AssemblyLoadContext assemblyLoadContext, RuntimeAssembly requestingAssembly, Boolean throwOnFileNotFound)
   at System.Reflection.Assembly.Load(AssemblyName assemblyRef)
   at Microsoft.VisualStudio.TestPlatform.Common.ExtensionFramework.TestPluginCache.CurrentDomainAssemblyResolve(Object sender, AssemblyResolveEventArgs args)
   at System.Runtime.Loader.AssemblyLoadContext.GetFirstResolvedAssemblyFromResolvingEvent(AssemblyName assemblyName)
   at System.Runtime.Loader.AssemblyLoadContext.ResolveUsingEvent(AssemblyName assemblyName)
   at System.Runtime.Loader.AssemblyLoadContext.ResolveUsingResolvingEvent(IntPtr gchManagedAssemblyLoadContext, AssemblyName assemblyName)
TpTrace Information: 0 : 23676, 1, 2023/08/18, 11:33:59.027, 764092641673, vstest.console.dll, AssemblyResolver.OnResolve: Microsoft.TestPlatform.Extensions.BlameDataCollector: Resolving assembly.
TpTrace Information: 0 : 23676, 1, 2023/08/18, 11:33:59.028, 764092641908, vstest.console.dll, AssemblyResolver.OnResolve: Microsoft.TestPlatform.Extensions.BlameDataCollector: Searching in: 'C:\Program Files\dotnet\sdk\7.0.200\Extensions'.
TpTrace Information: 0 : 23676, 1, 2023/08/18, 11:33:59.028, 764092645169, vstest.console.dll, AssemblyResolver.OnResolve: Microsoft.TestPlatform.Extensions.BlameDataCollector: Loading assembly 'C:\Program Files\dotnet\sdk\7.0.200\Extensions\Microsoft.TestPlatform.Extensions.BlameDataCollector.dll'.
TpTrace Information: 0 : 23676, 1, 2023/08/18, 11:33:59.028, 764092650281, vstest.console.dll, AssemblyResolver.OnResolve: Resolved assembly: Microsoft.TestPlatform.Extensions.BlameDataCollector, from path: C:\Program Files\dotnet\sdk\7.0.200\Extensions\Microsoft.TestPlatform.Extensions.BlameDataCollector.dll
TpTrace Verbose: 0 : 23676, 1, 2023/08/18, 11:33:59.028, 764092650846, vstest.console.dll, MetadataReaderExtensionsHelper: Discovering extensions inside assembly 'Microsoft.TestPlatform.Extensions.BlameDataCollector, Version=15.0.0.0, Culture=neutral, PublicKeyToken=b03f5f7f11d50a3a' file path 'C:\Program Files\dotnet\sdk\7.0.200\Extensions\Microsoft.TestPlatform.Extensions.BlameDataCollector.dll'
TpTrace Information: 0 : 23676, 1, 2023/08/18, 11:33:59.029, 764092660235, vstest.console.dll, AssemblyResolver.OnResolve: Microsoft.TestPlatform.Extensions.EventLogCollector: Resolving assembly.
TpTrace Information: 0 : 23676, 1, 2023/08/18, 11:33:59.029, 764092660720, vstest.console.dll, AssemblyResolver.OnResolve: Microsoft.TestPlatform.Extensions.EventLogCollector: Searching in: 'C:\Program Files\dotnet\sdk\7.0.200\Extensions'.
TpTrace Information: 0 : 23676, 1, 2023/08/18, 11:33:59.030, 764092663157, vstest.console.dll, AssemblyResolver.OnResolve: Microsoft.TestPlatform.Extensions.EventLogCollector: Loading assembly 'C:\Program Files\dotnet\sdk\7.0.200\Extensions\Microsoft.TestPlatform.Extensions.EventLogCollector.dll'.
TpTrace Information: 0 : 23676, 1, 2023/08/18, 11:33:59.030, 764092668090, vstest.console.dll, AssemblyResolver.OnResolve: Resolved assembly: Microsoft.TestPlatform.Extensions.EventLogCollector, from path: C:\Program Files\dotnet\sdk\7.0.200\Extensions\Microsoft.TestPlatform.Extensions.EventLogCollector.dll
TpTrace Verbose: 0 : 23676, 1, 2023/08/18, 11:33:59.030, 764092668577, vstest.console.dll, MetadataReaderExtensionsHelper: Discovering extensions inside assembly 'Microsoft.TestPlatform.Extensions.EventLogCollector, Version=15.0.0.0, Culture=neutral, PublicKeyToken=b03f5f7f11d50a3a' file path 'C:\Program Files\dotnet\sdk\7.0.200\Extensions\Microsoft.TestPlatform.Extensions.EventLogCollector.dll'
TpTrace Information: 0 : 23676, 1, 2023/08/18, 11:33:59.032, 764092684716, vstest.console.dll, AssemblyResolver.OnResolve: Microsoft.TestPlatform.TestHostRuntimeProvider: Resolving assembly.
TpTrace Information: 0 : 23676, 1, 2023/08/18, 11:33:59.032, 764092685180, vstest.console.dll, AssemblyResolver.OnResolve: Microsoft.TestPlatform.TestHostRuntimeProvider: Searching in: 'C:\Program Files\dotnet\sdk\7.0.200\Extensions'.
TpTrace Information: 0 : 23676, 1, 2023/08/18, 11:33:59.032, 764092687706, vstest.console.dll, AssemblyResolver.OnResolve: Microsoft.TestPlatform.TestHostRuntimeProvider: Loading assembly 'C:\Program Files\dotnet\sdk\7.0.200\Extensions\Microsoft.TestPlatform.TestHostRuntimeProvider.dll'.
TpTrace Information: 0 : 23676, 1, 2023/08/18, 11:33:59.033, 764092692263, vstest.console.dll, AssemblyResolver.OnResolve: Resolved assembly: Microsoft.TestPlatform.TestHostRuntimeProvider, from path: C:\Program Files\dotnet\sdk\7.0.200\Extensions\Microsoft.TestPlatform.TestHostRuntimeProvider.dll
TpTrace Verbose: 0 : 23676, 1, 2023/08/18, 11:33:59.033, 764092692734, vstest.console.dll, MetadataReaderExtensionsHelper: Discovering extensions inside assembly 'Microsoft.TestPlatform.TestHostRuntimeProvider, Version=15.0.0.0, Culture=neutral, PublicKeyToken=b03f5f7f11d50a3a' file path 'C:\Program Files\dotnet\sdk\7.0.200\Extensions\Microsoft.TestPlatform.TestHostRuntimeProvider.dll'
TpTrace Information: 0 : 23676, 1, 2023/08/18, 11:33:59.034, 764092705408, vstest.console.dll, GetTestExtensionFromType: Register extension with identifier data 'HostProvider://DefaultTestHost' and type 'Microsoft.VisualStudio.TestPlatform.CrossPlatEngine.Hosting.DefaultTestHostManager, Microsoft.TestPlatform.TestHostRuntimeProvider, Version=15.0.0.0, Culture=neutral, PublicKeyToken=b03f5f7f11d50a3a' inside file 'C:\Program Files\dotnet\sdk\7.0.200\Extensions\Microsoft.TestPlatform.TestHostRuntimeProvider.dll'
TpTrace Information: 0 : 23676, 1, 2023/08/18, 11:33:59.034, 764092707292, vstest.console.dll, GetTestExtensionFromType: Register extension with identifier data 'HostProvider://DotnetTestHost' and type 'Microsoft.VisualStudio.TestPlatform.CrossPlatEngine.Hosting.DotnetTestHostManager, Microsoft.TestPlatform.TestHostRuntimeProvider, Version=15.0.0.0, Culture=neutral, PublicKeyToken=b03f5f7f11d50a3a' inside file 'C:\Program Files\dotnet\sdk\7.0.200\Extensions\Microsoft.TestPlatform.TestHostRuntimeProvider.dll'
TpTrace Information: 0 : 23676, 1, 2023/08/18, 11:33:59.034, 764092707842, vstest.console.dll, AssemblyResolver.OnResolve: Microsoft.VisualStudio.TestPlatform.Extensions.Html.TestLogger: Resolving assembly.
TpTrace Information: 0 : 23676, 1, 2023/08/18, 11:33:59.034, 764092708002, vstest.console.dll, AssemblyResolver.OnResolve: Microsoft.VisualStudio.TestPlatform.Extensions.Html.TestLogger: Searching in: 'C:\Program Files\dotnet\sdk\7.0.200\Extensions'.
TpTrace Information: 0 : 23676, 1, 2023/08/18, 11:33:59.034, 764092710381, vstest.console.dll, AssemblyResolver.OnResolve: Microsoft.VisualStudio.TestPlatform.Extensions.Html.TestLogger: Loading assembly 'C:\Program Files\dotnet\sdk\7.0.200\Extensions\Microsoft.VisualStudio.TestPlatform.Extensions.Html.TestLogger.dll'.
TpTrace Information: 0 : 23676, 1, 2023/08/18, 11:33:59.035, 764092715384, vstest.console.dll, AssemblyResolver.OnResolve: Resolved assembly: Microsoft.VisualStudio.TestPlatform.Extensions.Html.TestLogger, from path: C:\Program Files\dotnet\sdk\7.0.200\Extensions\Microsoft.VisualStudio.TestPlatform.Extensions.Html.TestLogger.dll
TpTrace Verbose: 0 : 23676, 1, 2023/08/18, 11:33:59.035, 764092715933, vstest.console.dll, MetadataReaderExtensionsHelper: Discovering extensions inside assembly 'Microsoft.VisualStudio.TestPlatform.Extensions.Html.TestLogger, Version=15.0.0.0, Culture=neutral, PublicKeyToken=b03f5f7f11d50a3a' file path 'C:\Program Files\dotnet\sdk\7.0.200\Extensions\Microsoft.VisualStudio.TestPlatform.Extensions.Html.TestLogger.dll'
TpTrace Information: 0 : 23676, 1, 2023/08/18, 11:33:59.036, 764092723177, vstest.console.dll, AssemblyResolver.OnResolve: Microsoft.VisualStudio.TestPlatform.Extensions.Trx.TestLogger: Resolving assembly.
TpTrace Information: 0 : 23676, 1, 2023/08/18, 11:33:59.036, 764092723538, vstest.console.dll, AssemblyResolver.OnResolve: Microsoft.VisualStudio.TestPlatform.Extensions.Trx.TestLogger: Searching in: 'C:\Program Files\dotnet\sdk\7.0.200\Extensions'.
TpTrace Information: 0 : 23676, 1, 2023/08/18, 11:33:59.036, 764092725464, vstest.console.dll, AssemblyResolver.OnResolve: Microsoft.VisualStudio.TestPlatform.Extensions.Trx.TestLogger: Loading assembly 'C:\Program Files\dotnet\sdk\7.0.200\Extensions\Microsoft.VisualStudio.TestPlatform.Extensions.Trx.TestLogger.dll'.
TpTrace Information: 0 : 23676, 1, 2023/08/18, 11:33:59.036, 764092729835, vstest.console.dll, AssemblyResolver.OnResolve: Resolved assembly: Microsoft.VisualStudio.TestPlatform.Extensions.Trx.TestLogger, from path: C:\Program Files\dotnet\sdk\7.0.200\Extensions\Microsoft.VisualStudio.TestPlatform.Extensions.Trx.TestLogger.dll
TpTrace Verbose: 0 : 23676, 1, 2023/08/18, 11:33:59.036, 764092730247, vstest.console.dll, MetadataReaderExtensionsHelper: Discovering extensions inside assembly 'Microsoft.VisualStudio.TestPlatform.Extensions.Trx.TestLogger, Version=15.0.0.0, Culture=neutral, PublicKeyToken=b03f5f7f11d50a3a' file path 'C:\Program Files\dotnet\sdk\7.0.200\Extensions\Microsoft.VisualStudio.TestPlatform.Extensions.Trx.TestLogger.dll'
TpTrace Verbose: 0 : 23676, 1, 2023/08/18, 11:33:59.037, 764092737060, vstest.console.dll, TestPluginCache: Discovered the extensions using extension path ''.
TpTrace Verbose: 0 : 23676, 1, 2023/08/18, 11:33:59.037, 764092737501, vstest.console.dll, TestPluginCache: Discoverers are ''.
TpTrace Verbose: 0 : 23676, 1, 2023/08/18, 11:33:59.037, 764092737611, vstest.console.dll, TestPluginCache: Executors are ''.
TpTrace Verbose: 0 : 23676, 1, 2023/08/18, 11:33:59.037, 764092737704, vstest.console.dll, TestPluginCache: Executors2 are ''.
TpTrace Verbose: 0 : 23676, 1, 2023/08/18, 11:33:59.037, 764092737791, vstest.console.dll, TestPluginCache: Setting providers are ''.
TpTrace Verbose: 0 : 23676, 1, 2023/08/18, 11:33:59.037, 764092737877, vstest.console.dll, TestPluginCache: Loggers are ''.
TpTrace Verbose: 0 : 23676, 1, 2023/08/18, 11:33:59.037, 764092738244, vstest.console.dll, TestPluginCache: TestHosts are 'HostProvider://DefaultTestHost,HostProvider://DotnetTestHost'.
TpTrace Verbose: 0 : 23676, 1, 2023/08/18, 11:33:59.037, 764092738341, vstest.console.dll, TestPluginCache: DataCollectors are ''.
TpTrace Information: 0 : 23676, 1, 2023/08/18, 11:33:59.044, 764092804821, vstest.console.dll, RunTestsArgumentProcessor:Execute: Test run is starting.
TpTrace Verbose: 0 : 23676, 1, 2023/08/18, 11:33:59.044, 764092805470, vstest.console.dll, RunTestsArgumentProcessor:Execute: Queuing Test run.
TpTrace Information: 0 : 23676, 1, 2023/08/18, 11:33:59.044, 764092807052, vstest.console.dll, TestRequestManager.RunTests: run tests started.
TpTrace Information: 0 : 23676, 1, 2023/08/18, 11:33:59.045, 764092816110, vstest.console.dll, AssemblyMetadataProvider.GetFrameworkName: Determined framework:'.NETCoreApp,Version=v6.0' for source: 'C:\Anthonyus\Repo\RaboAssignment\RaboAssignment\RecordRetrieverTest\bin\Debug\net6.0\fine-code-coverage\build-output\RecordRetrieverTest.dll'
TpTrace Information: 0 : 23676, 1, 2023/08/18, 11:33:59.045, 764092817309, vstest.console.dll, Determined framework for all sources: .NETCoreApp,Version=v6.0
TpTrace Verbose: 0 : 23676, 1, 2023/08/18, 11:33:59.045, 764092820109, vstest.console.dll, TestRequestManager.UpdateRunSettingsIfRequired: Default architecture: X64 IsDefaultTargetArchitecture: True, Current process architecture: X64 OperatingSystem: Windows.
TpTrace Information: 0 : 23676, 1, 2023/08/18, 11:33:59.047, 764092835075, vstest.console.dll, AssemblyMetadataProvider.GetArchitecture: Determined architecture:AnyCPU info for assembly: C:\Anthonyus\Repo\RaboAssignment\RaboAssignment\RecordRetrieverTest\bin\Debug\net6.0\fine-code-coverage\build-output\RecordRetrieverTest.dll
TpTrace Information: 0 : 23676, 1, 2023/08/18, 11:33:59.047, 764092835501, vstest.console.dll, Determined platform for source 'C:\Anthonyus\Repo\RaboAssignment\RaboAssignment\RecordRetrieverTest\bin\Debug\net6.0\fine-code-coverage\build-output\RecordRetrieverTest.dll' was AnyCPU and it will use the default plaform X64.
TpTrace Information: 0 : 23676, 1, 2023/08/18, 11:33:59.047, 764092835649, vstest.console.dll, None of the sources provided any runnable platform, using the default platform: X64
TpTrace Information: 0 : 23676, 1, 2023/08/18, 11:33:59.047, 764092836250, vstest.console.dll, Platform was updated to 'X64'.
TpTrace Information: 0 : 23676, 1, 2023/08/18, 11:33:59.049, 764092857938, vstest.console.dll, InferRunSettingsHelper.IsTestSettingsEnabled: Unable to navigate to RunSettings/MSTest. Current node: RunSettings
TpTrace Information: 0 : 23676, 1, 2023/08/18, 11:33:59.050, 764092862348, vstest.console.dll, AssemblyResolver.OnResolve: Microsoft.VisualStudio.TestPlatform.Fakes: Resolving assembly.
TpTrace Information: 0 : 23676, 1, 2023/08/18, 11:33:59.050, 764092862824, vstest.console.dll, AssemblyResolver.OnResolve: Microsoft.VisualStudio.TestPlatform.Fakes: Searching in: 'C:\Program Files\dotnet\sdk\7.0.200\Extensions'.
TpTrace Information: 0 : 23676, 1, 2023/08/18, 11:33:59.050, 764092863405, vstest.console.dll, AssemblyResolver.OnResolve: Microsoft.VisualStudio.TestPlatform.Fakes: Assembly path does not exist: 'C:\Program Files\dotnet\sdk\7.0.200\Extensions\Microsoft.VisualStudio.TestPlatform.Fakes.dll', returning.
TpTrace Information: 0 : 23676, 1, 2023/08/18, 11:33:59.050, 764092863693, vstest.console.dll, AssemblyResolver.OnResolve: Microsoft.VisualStudio.TestPlatform.Fakes: Assembly path does not exist: 'C:\Program Files\dotnet\sdk\7.0.200\Extensions\Microsoft.VisualStudio.TestPlatform.Fakes.exe', returning.
TpTrace Information: 0 : 23676, 1, 2023/08/18, 11:33:59.050, 764092863811, vstest.console.dll, AssemblyResolver.OnResolve: Microsoft.VisualStudio.TestPlatform.Fakes: Searching in: 'C:\Program Files\dotnet\sdk\7.0.200'.
TpTrace Information: 0 : 23676, 1, 2023/08/18, 11:33:59.050, 764092864164, vstest.console.dll, AssemblyResolver.OnResolve: Microsoft.VisualStudio.TestPlatform.Fakes: Assembly path does not exist: 'C:\Program Files\dotnet\sdk\7.0.200\Microsoft.VisualStudio.TestPlatform.Fakes.dll', returning.
TpTrace Information: 0 : 23676, 1, 2023/08/18, 11:33:59.050, 764092864411, vstest.console.dll, AssemblyResolver.OnResolve: Microsoft.VisualStudio.TestPlatform.Fakes: Assembly path does not exist: 'C:\Program Files\dotnet\sdk\7.0.200\Microsoft.VisualStudio.TestPlatform.Fakes.exe', returning.
TpTrace Information: 0 : 23676, 1, 2023/08/18, 11:33:59.050, 764092864529, vstest.console.dll, AssemblyResolver.OnResolve: Microsoft.VisualStudio.TestPlatform.Fakes: Failed to load assembly.
TpTrace Information: 0 : 23676, 1, 2023/08/18, 11:33:59.050, 764092866227, vstest.console.dll, Failed to load assembly Microsoft.VisualStudio.TestPlatform.Fakes, Version=17.0.0.0, Culture=neutral. Reason:System.IO.FileNotFoundException: Could not load file or assembly 'Microsoft.VisualStudio.TestPlatform.Fakes, Version=17.0.0.0, Culture=neutral, PublicKeyToken=null'. The system cannot find the file specified.
File name: 'Microsoft.VisualStudio.TestPlatform.Fakes, Version=17.0.0.0, Culture=neutral, PublicKeyToken=null'
   at System.Reflection.RuntimeAssembly.InternalLoad(AssemblyName assemblyName, StackCrawlMark& stackMark, AssemblyLoadContext assemblyLoadContext, RuntimeAssembly requestingAssembly, Boolean throwOnFileNotFound)
   at System.Reflection.Assembly.Load(AssemblyName assemblyRef)
   at Microsoft.VisualStudio.TestPlatform.Common.Utilities.FakesUtilities.LoadTestPlatformAssembly()
TpTrace Verbose: 0 : 23676, 1, 2023/08/18, 11:33:59.052, 764092888515, vstest.console.dll, TestPluginCache.DiscoverTestExtensions: finding test extensions in assemblies ends with: TestLogger.dll TPluginInfo: Microsoft.VisualStudio.TestPlatform.Common.ExtensionFramework.Utilities.TestLoggerPluginInformation TExtension: Microsoft.VisualStudio.TestPlatform.ObjectModel.Client.ITestLogger
TpTrace Verbose: 0 : 23676, 1, 2023/08/18, 11:33:59.052, 764092889157, vstest.console.dll, TestPluginCache.GetExtensionPaths: Filtered extension paths: 
TpTrace Verbose: 0 : 23676, 1, 2023/08/18, 11:33:59.052, 764092889336, vstest.console.dll, TestPluginCache.GetExtensionPaths: Added default extension paths: C:\Program Files\dotnet\sdk\7.0.200\Extensions\Microsoft.Diagnostics.NETCore.Client.dll
C:\Program Files\dotnet\sdk\7.0.200\Extensions\Microsoft.TestPlatform.Extensions.BlameDataCollector.dll
C:\Program Files\dotnet\sdk\7.0.200\Extensions\Microsoft.TestPlatform.Extensions.EventLogCollector.dll
C:\Program Files\dotnet\sdk\7.0.200\Extensions\Microsoft.TestPlatform.TestHostRuntimeProvider.dll
C:\Program Files\dotnet\sdk\7.0.200\Extensions\Microsoft.VisualStudio.TestPlatform.Extensions.Html.TestLogger.dll
C:\Program Files\dotnet\sdk\7.0.200\Extensions\Microsoft.VisualStudio.TestPlatform.Extensions.Trx.TestLogger.dll
TpTrace Verbose: 0 : 23676, 1, 2023/08/18, 11:33:59.052, 764092889479, vstest.console.dll, TestPluginCache.GetExtensionPaths: Added unfilterableExtensionPaths: 
TpTrace Information: 0 : 23676, 1, 2023/08/18, 11:33:59.052, 764092890246, vstest.console.dll, AssemblyResolver.AddSearchDirectories: Adding more searchDirectories C:\Program Files\dotnet\sdk\7.0.200\Extensions,C:\Program Files\dotnet\sdk\7.0.200
TpTrace Verbose: 0 : 23676, 1, 2023/08/18, 11:33:59.052, 764092890445, vstest.console.dll, TestPluginCache.DiscoverTestExtensions: Discovering the extensions using extension path.
TpTrace Verbose: 0 : 23676, 1, 2023/08/18, 11:33:59.052, 764092890703, vstest.console.dll, TestPluginCache.GetExtensionPaths: Filtered extension paths: 
TpTrace Verbose: 0 : 23676, 1, 2023/08/18, 11:33:59.052, 764092890849, vstest.console.dll, TestPluginCache.GetExtensionPaths: Added default extension paths: C:\Program Files\dotnet\sdk\7.0.200\Extensions\Microsoft.Diagnostics.NETCore.Client.dll
C:\Program Files\dotnet\sdk\7.0.200\Extensions\Microsoft.TestPlatform.Extensions.BlameDataCollector.dll
C:\Program Files\dotnet\sdk\7.0.200\Extensions\Microsoft.TestPlatform.Extensions.EventLogCollector.dll
C:\Program Files\dotnet\sdk\7.0.200\Extensions\Microsoft.TestPlatform.TestHostRuntimeProvider.dll
C:\Program Files\dotnet\sdk\7.0.200\Extensions\Microsoft.VisualStudio.TestPlatform.Extensions.Html.TestLogger.dll
C:\Program Files\dotnet\sdk\7.0.200\Extensions\Microsoft.VisualStudio.TestPlatform.Extensions.Trx.TestLogger.dll
TpTrace Verbose: 0 : 23676, 1, 2023/08/18, 11:33:59.052, 764092890974, vstest.console.dll, TestPluginCache.GetExtensionPaths: Added unfilterableExtensionPaths: 
TpTrace Verbose: 0 : 23676, 1, 2023/08/18, 11:33:59.052, 764092891130, vstest.console.dll, TestPluginCache.DiscoverTestExtensions: Discovering the extensions using allExtensionPaths: C:\Program Files\dotnet\sdk\7.0.200\Extensions\Microsoft.Diagnostics.NETCore.Client.dll
C:\Program Files\dotnet\sdk\7.0.200\Extensions\Microsoft.TestPlatform.Extensions.BlameDataCollector.dll
C:\Program Files\dotnet\sdk\7.0.200\Extensions\Microsoft.TestPlatform.Extensions.EventLogCollector.dll
C:\Program Files\dotnet\sdk\7.0.200\Extensions\Microsoft.TestPlatform.TestHostRuntimeProvider.dll
C:\Program Files\dotnet\sdk\7.0.200\Extensions\Microsoft.VisualStudio.TestPlatform.Extensions.Html.TestLogger.dll
C:\Program Files\dotnet\sdk\7.0.200\Extensions\Microsoft.VisualStudio.TestPlatform.Extensions.Trx.TestLogger.dll
TpTrace Information: 0 : 23676, 1, 2023/08/18, 11:33:59.052, 764092891649, vstest.console.dll, AssemblyResolver.AddSearchDirectories: Adding more searchDirectories C:\Program Files\dotnet\sdk\7.0.200\Extensions,C:\Program Files\dotnet\sdk\7.0.200
TpTrace Information: 0 : 23676, 1, 2023/08/18, 11:33:59.053, 764092891819, vstest.console.dll, AssemblyResolver.AddSearchDirectories: Adding more searchDirectories C:\Program Files\dotnet\sdk\7.0.200\Extensions,C:\Program Files\dotnet\sdk\7.0.200
TpTrace Information: 0 : 23676, 1, 2023/08/18, 11:33:59.053, 764092891941, vstest.console.dll, AssemblyResolver.AddSearchDirectories: Adding more searchDirectories C:\Program Files\dotnet\sdk\7.0.200\Extensions,C:\Program Files\dotnet\sdk\7.0.200
TpTrace Information: 0 : 23676, 1, 2023/08/18, 11:33:59.053, 764092892056, vstest.console.dll, AssemblyResolver.AddSearchDirectories: Adding more searchDirectories C:\Program Files\dotnet\sdk\7.0.200\Extensions,C:\Program Files\dotnet\sdk\7.0.200
TpTrace Information: 0 : 23676, 1, 2023/08/18, 11:33:59.053, 764092892199, vstest.console.dll, AssemblyResolver.AddSearchDirectories: Adding more searchDirectories C:\Program Files\dotnet\sdk\7.0.200\Extensions,C:\Program Files\dotnet\sdk\7.0.200
TpTrace Information: 0 : 23676, 1, 2023/08/18, 11:33:59.053, 764092892315, vstest.console.dll, AssemblyResolver.AddSearchDirectories: Adding more searchDirectories C:\Program Files\dotnet\sdk\7.0.200\Extensions,C:\Program Files\dotnet\sdk\7.0.200
TpTrace Verbose: 0 : 23676, 1, 2023/08/18, 11:33:59.053, 764092892867, vstest.console.dll, MetadataReaderExtensionsHelper: Discovering extensions inside assembly 'Microsoft.Diagnostics.NETCore.Client, Version=0.2.6.42401, Culture=neutral, PublicKeyToken=31bf3856ad364e35' file path 'C:\Program Files\dotnet\sdk\7.0.200\Extensions\Microsoft.Diagnostics.NETCore.Client.dll'
TpTrace Information: 0 : 23676, 1, 2023/08/18, 11:33:59.053, 764092897815, vstest.console.dll, AssemblyResolver.OnResolve: Microsoft.Bcl.AsyncInterfaces: Resolving assembly.
TpTrace Information: 0 : 23676, 1, 2023/08/18, 11:33:59.053, 764092898180, vstest.console.dll, AssemblyResolver.OnResolve: Microsoft.Bcl.AsyncInterfaces: Resolved from cache.
TpTrace Verbose: 0 : 23676, 1, 2023/08/18, 11:33:59.053, 764092898318, vstest.console.dll, CurrentDomainAssemblyResolve: Resolving assembly 'Microsoft.Bcl.AsyncInterfaces'.
TpTrace Information: 0 : 23676, 1, 2023/08/18, 11:33:59.053, 764092898572, vstest.console.dll, AssemblyResolver.OnResolve: Microsoft.Bcl.AsyncInterfaces: Resolving assembly.
TpTrace Information: 0 : 23676, 1, 2023/08/18, 11:33:59.053, 764092898683, vstest.console.dll, AssemblyResolver.OnResolve: Microsoft.Bcl.AsyncInterfaces: Resolved from cache.
TpTrace Verbose: 0 : 23676, 1, 2023/08/18, 11:33:59.053, 764092898823, vstest.console.dll, CurrentDomainAssemblyResolve: Resolving assembly 'Microsoft.Bcl.AsyncInterfaces'.
TpTrace Verbose: 0 : 23676, 1, 2023/08/18, 11:33:59.053, 764092898936, vstest.console.dll, CurrentDomainAssemblyResolve: Failed to resolve assembly 'Microsoft.Bcl.AsyncInterfaces'.
TpTrace Verbose: 0 : 23676, 1, 2023/08/18, 11:33:59.053, 764092899825, vstest.console.dll, CurrentDomainAssemblyResolve: Failed to resolve assembly 'Microsoft.Bcl.AsyncInterfaces'.
TpTrace Warning: 0 : 23676, 1, 2023/08/18, 11:33:59.054, 764092901747, vstest.console.dll, TestPluginDiscoverer: Failed to get types from assembly 'Microsoft.Diagnostics.NETCore.Client, Version=0.2.6.42401, Culture=neutral, PublicKeyToken=31bf3856ad364e35'. Error: System.Reflection.ReflectionTypeLoadException: Unable to load one or more of the requested types.
Could not load file or assembly 'Microsoft.Bcl.AsyncInterfaces, Version=1.0.0.0, Culture=neutral, PublicKeyToken=cc7b13ffcd2ddd51'. The system cannot find the file specified.
   at System.Reflection.RuntimeModule.GetTypes(RuntimeModule module)
   at System.Reflection.Assembly.GetTypes()
   at Microsoft.VisualStudio.TestPlatform.Common.ExtensionFramework.TestPluginDiscoverer.GetTestExtensionsFromAssembly[TPluginInfo,TExtension](Assembly assembly, Dictionary`2 pluginInfos, String filePath)
System.IO.FileNotFoundException: Could not load file or assembly 'Microsoft.Bcl.AsyncInterfaces, Version=1.0.0.0, Culture=neutral, PublicKeyToken=cc7b13ffcd2ddd51'. The system cannot find the file specified.
File name: 'Microsoft.Bcl.AsyncInterfaces, Version=1.0.0.0, Culture=neutral, PublicKeyToken=cc7b13ffcd2ddd51'
 ---> System.IO.FileNotFoundException: Could not load file or assembly 'Microsoft.Bcl.AsyncInterfaces, Culture=neutral, PublicKeyToken=null'. The system cannot find the file specified.
File name: 'Microsoft.Bcl.AsyncInterfaces, Culture=neutral, PublicKeyToken=null'
   at System.Reflection.RuntimeAssembly.InternalLoad(AssemblyName assemblyName, StackCrawlMark& stackMark, AssemblyLoadContext assemblyLoadContext, RuntimeAssembly requestingAssembly, Boolean throwOnFileNotFound)
   at System.Reflection.Assembly.Load(AssemblyName assemblyRef)
   at Microsoft.VisualStudio.TestPlatform.Common.ExtensionFramework.TestPluginCache.CurrentDomainAssemblyResolve(Object sender, AssemblyResolveEventArgs args)
   at System.Runtime.Loader.AssemblyLoadContext.GetFirstResolvedAssemblyFromResolvingEvent(AssemblyName assemblyName)
   at System.Runtime.Loader.AssemblyLoadContext.ResolveUsingEvent(AssemblyName assemblyName)
   at System.Runtime.Loader.AssemblyLoadContext.ResolveUsingResolvingEvent(IntPtr gchManagedAssemblyLoadContext, AssemblyName assemblyName)
TpTrace Warning: 0 : 23676, 1, 2023/08/18, 11:33:59.054, 764092902512, vstest.console.dll, LoaderExceptions: System.IO.FileNotFoundException: Could not load file or assembly 'Microsoft.Bcl.AsyncInterfaces, Version=1.0.0.0, Culture=neutral, PublicKeyToken=cc7b13ffcd2ddd51'. The system cannot find the file specified.
File name: 'Microsoft.Bcl.AsyncInterfaces, Version=1.0.0.0, Culture=neutral, PublicKeyToken=cc7b13ffcd2ddd51'
 ---> System.IO.FileNotFoundException: Could not load file or assembly 'Microsoft.Bcl.AsyncInterfaces, Culture=neutral, PublicKeyToken=null'. The system cannot find the file specified.
File name: 'Microsoft.Bcl.AsyncInterfaces, Culture=neutral, PublicKeyToken=null'
   at System.Reflection.RuntimeAssembly.InternalLoad(AssemblyName assemblyName, StackCrawlMark& stackMark, AssemblyLoadContext assemblyLoadContext, RuntimeAssembly requestingAssembly, Boolean throwOnFileNotFound)
   at System.Reflection.Assembly.Load(AssemblyName assemblyRef)
   at Microsoft.VisualStudio.TestPlatform.Common.ExtensionFramework.TestPluginCache.CurrentDomainAssemblyResolve(Object sender, AssemblyResolveEventArgs args)
   at System.Runtime.Loader.AssemblyLoadContext.GetFirstResolvedAssemblyFromResolvingEvent(AssemblyName assemblyName)
   at System.Runtime.Loader.AssemblyLoadContext.ResolveUsingEvent(AssemblyName assemblyName)
   at System.Runtime.Loader.AssemblyLoadContext.ResolveUsingResolvingEvent(IntPtr gchManagedAssemblyLoadContext, AssemblyName assemblyName)
TpTrace Verbose: 0 : 23676, 1, 2023/08/18, 11:33:59.054, 764092902894, vstest.console.dll, MetadataReaderExtensionsHelper: Discovering extensions inside assembly 'Microsoft.TestPlatform.Extensions.BlameDataCollector, Version=15.0.0.0, Culture=neutral, PublicKeyToken=b03f5f7f11d50a3a' file path 'C:\Program Files\dotnet\sdk\7.0.200\Extensions\Microsoft.TestPlatform.Extensions.BlameDataCollector.dll'
TpTrace Information: 0 : 23676, 1, 2023/08/18, 11:33:59.054, 764092906443, vstest.console.dll, GetTestExtensionFromType: Register extension with identifier data 'logger://Microsoft/TestPlatform/Extensions/Blame/v1' and type 'Microsoft.TestPlatform.Extensions.BlameDataCollector.BlameLogger, Microsoft.TestPlatform.Extensions.BlameDataCollector, Version=15.0.0.0, Culture=neutral, PublicKeyToken=b03f5f7f11d50a3a' inside file 'C:\Program Files\dotnet\sdk\7.0.200\Extensions\Microsoft.TestPlatform.Extensions.BlameDataCollector.dll'
TpTrace Verbose: 0 : 23676, 1, 2023/08/18, 11:33:59.054, 764092906889, vstest.console.dll, MetadataReaderExtensionsHelper: Discovering extensions inside assembly 'Microsoft.TestPlatform.Extensions.EventLogCollector, Version=15.0.0.0, Culture=neutral, PublicKeyToken=b03f5f7f11d50a3a' file path 'C:\Program Files\dotnet\sdk\7.0.200\Extensions\Microsoft.TestPlatform.Extensions.EventLogCollector.dll'
TpTrace Verbose: 0 : 23676, 1, 2023/08/18, 11:33:59.054, 764092909204, vstest.console.dll, MetadataReaderExtensionsHelper: Discovering extensions inside assembly 'Microsoft.TestPlatform.TestHostRuntimeProvider, Version=15.0.0.0, Culture=neutral, PublicKeyToken=b03f5f7f11d50a3a' file path 'C:\Program Files\dotnet\sdk\7.0.200\Extensions\Microsoft.TestPlatform.TestHostRuntimeProvider.dll'
TpTrace Verbose: 0 : 23676, 1, 2023/08/18, 11:33:59.054, 764092911344, vstest.console.dll, MetadataReaderExtensionsHelper: Discovering extensions inside assembly 'Microsoft.VisualStudio.TestPlatform.Extensions.Html.TestLogger, Version=15.0.0.0, Culture=neutral, PublicKeyToken=b03f5f7f11d50a3a' file path 'C:\Program Files\dotnet\sdk\7.0.200\Extensions\Microsoft.VisualStudio.TestPlatform.Extensions.Html.TestLogger.dll'
TpTrace Information: 0 : 23676, 1, 2023/08/18, 11:33:59.055, 764092914845, vstest.console.dll, GetTestExtensionFromType: Register extension with identifier data 'logger://Microsoft/TestPlatform/HtmlLogger/v1' and type 'Microsoft.VisualStudio.TestPlatform.Extensions.HtmlLogger.HtmlLogger, Microsoft.VisualStudio.TestPlatform.Extensions.Html.TestLogger, Version=15.0.0.0, Culture=neutral, PublicKeyToken=b03f5f7f11d50a3a' inside file 'C:\Program Files\dotnet\sdk\7.0.200\Extensions\Microsoft.VisualStudio.TestPlatform.Extensions.Html.TestLogger.dll'
TpTrace Verbose: 0 : 23676, 1, 2023/08/18, 11:33:59.055, 764092915308, vstest.console.dll, MetadataReaderExtensionsHelper: Discovering extensions inside assembly 'Microsoft.VisualStudio.TestPlatform.Extensions.Trx.TestLogger, Version=15.0.0.0, Culture=neutral, PublicKeyToken=b03f5f7f11d50a3a' file path 'C:\Program Files\dotnet\sdk\7.0.200\Extensions\Microsoft.VisualStudio.TestPlatform.Extensions.Trx.TestLogger.dll'
TpTrace Information: 0 : 23676, 1, 2023/08/18, 11:33:59.055, 764092917950, vstest.console.dll, GetTestExtensionFromType: Register extension with identifier data 'logger://Microsoft/TestPlatform/TrxLogger/v1' and type 'Microsoft.VisualStudio.TestPlatform.Extensions.TrxLogger.TrxLogger, Microsoft.VisualStudio.TestPlatform.Extensions.Trx.TestLogger, Version=15.0.0.0, Culture=neutral, PublicKeyToken=b03f5f7f11d50a3a' inside file 'C:\Program Files\dotnet\sdk\7.0.200\Extensions\Microsoft.VisualStudio.TestPlatform.Extensions.Trx.TestLogger.dll'
TpTrace Verbose: 0 : 23676, 1, 2023/08/18, 11:33:59.055, 764092918501, vstest.console.dll, TestPluginCache: Discovered the extensions using extension path ''.
TpTrace Verbose: 0 : 23676, 1, 2023/08/18, 11:33:59.055, 764092918692, vstest.console.dll, TestPluginCache: Discoverers are ''.
TpTrace Verbose: 0 : 23676, 1, 2023/08/18, 11:33:59.055, 764092918839, vstest.console.dll, TestPluginCache: Executors are ''.
TpTrace Verbose: 0 : 23676, 1, 2023/08/18, 11:33:59.055, 764092918947, vstest.console.dll, TestPluginCache: Executors2 are ''.
TpTrace Verbose: 0 : 23676, 1, 2023/08/18, 11:33:59.055, 764092919053, vstest.console.dll, TestPluginCache: Setting providers are ''.
TpTrace Verbose: 0 : 23676, 1, 2023/08/18, 11:33:59.055, 764092919390, vstest.console.dll, TestPluginCache: Loggers are 'logger://Microsoft/TestPlatform/Extensions/Blame/v1,logger://Microsoft/TestPlatform/HtmlLogger/v1,logger://Microsoft/TestPlatform/TrxLogger/v1'.
TpTrace Verbose: 0 : 23676, 1, 2023/08/18, 11:33:59.055, 764092919528, vstest.console.dll, TestPluginCache: TestHosts are 'HostProvider://DefaultTestHost,HostProvider://DotnetTestHost'.
TpTrace Verbose: 0 : 23676, 1, 2023/08/18, 11:33:59.055, 764092919638, vstest.console.dll, TestPluginCache: DataCollectors are ''.
TpTrace Information: 0 : 23676, 1, 2023/08/18, 11:33:59.056, 764092925168, vstest.console.dll, TestPluginManager.CreateTestExtension: Attempting to load test extension: Microsoft.TestPlatform.Extensions.BlameDataCollector.BlameLogger
TpTrace Verbose: 0 : 23676, 1, 2023/08/18, 11:33:59.061, 764092978463, vstest.console.dll, TestEngine: Initializing Parallel Execution as MaxCpuCount is set to: 1
TpTrace Information: 0 : 23676, 1, 2023/08/18, 11:33:59.062, 764092990881, vstest.console.dll, TestPluginManager.CreateTestExtension: Attempting to load test extension: Microsoft.VisualStudio.TestPlatform.CrossPlatEngine.Hosting.DefaultTestHostManager
TpTrace Information: 0 : 23676, 1, 2023/08/18, 11:33:59.063, 764092999681, vstest.console.dll, TestPluginManager.CreateTestExtension: Attempting to load test extension: Microsoft.VisualStudio.TestPlatform.CrossPlatEngine.Hosting.DotnetTestHostManager
TpTrace Information: 0 : 23676, 1, 2023/08/18, 11:33:59.064, 764093004124, vstest.console.dll, InferRunSettingsHelper.IsTestSettingsEnabled: Unable to navigate to RunSettings/MSTest. Current node: RunSettings
TpTrace Verbose: 0 : 23676, 1, 2023/08/18, 11:33:59.067, 764093032155, vstest.console.dll, TestEngine.GetExecutionManager: Chosen execution manager 'Microsoft.VisualStudio.TestPlatform.CrossPlatEngine.Client.Parallel.ParallelProxyExecutionManager, Microsoft.TestPlatform.CrossPlatEngine, Version=15.0.0.0, Culture=neutral, PublicKeyToken=b03f5f7f11d50a3a' ParallelLevel '1'.
TpTrace Verbose: 0 : 23676, 1, 2023/08/18, 11:33:59.067, 764093033189, vstest.console.dll, TestRunRequest.ExecuteAsync: Creating test run request.
TpTrace Verbose: 0 : 23676, 1, 2023/08/18, 11:33:59.067, 764093034837, vstest.console.dll, TestRunRequest.ExecuteAsync: Starting.
TpTrace Information: 0 : 23676, 1, 2023/08/18, 11:33:59.067, 764093036608, vstest.console.dll, TestRunRequest.ExecuteAsync: Starting run with settings:TestRunCriteria:
   KeepAlive=False,FrequencyOfRunStatsChangeEvent=10,RunStatsChangeEventTimeout=00:00:01.5000000,TestCaseFilter=,TestExecutorLauncher=
   Settingsxml=<RunSettings>
  <RunConfiguration>
    <ResultsDirectory>C:\Anthonyus\Repo\RaboAssignment\RaboAssignment\RecordRetrieverTest\bin\Debug\net6.0\fine-code-coverage\coverage-tool-output</ResultsDirectory>
    <TargetPlatform>X64</TargetPlatform>
    <TargetFrameworkVersion>.NETCoreApp,Version=v6.0</TargetFrameworkVersion>
    <DesignMode>False</DesignMode>
    <CollectSourceInformation>False</CollectSourceInformation>
  </RunConfiguration>
  <LoggerRunSettings>
    <Loggers>
      <Logger friendlyName="blame" enabled="True" />
      <Logger friendlyName="Console" uri="logger://microsoft/TestPlatform/ConsoleLogger/v1" assemblyQualifiedName="Microsoft.VisualStudio.TestPlatform.CommandLine.Internal.ConsoleLogger, vstest.console, Version=15.0.0.0, Culture=neutral, PublicKeyToken=b03f5f7f11d50a3a" codeBase="C:\Program Files\dotnet\sdk\7.0.200\vstest.console.dll" enabled="True" />
    </Loggers>
  </LoggerRunSettings>
  <DataCollectionRunSettings>
    <DataCollectors>
      <DataCollector friendlyName="blame" enabled="True">
        <Configuration>
          <ResultsDirectory>C:\Anthonyus\Repo\RaboAssignment\RaboAssignment\RecordRetrieverTest\bin\Debug\net6.0\fine-code-coverage\coverage-tool-output</ResultsDirectory>
        </Configuration>
      </DataCollector>
    </DataCollectors>
  </DataCollectionRunSettings>
</RunSettings>

TpTrace Verbose: 0 : 23676, 1, 2023/08/18, 11:33:59.067, 764093036878, vstest.console.dll, TestRunRequest.ExecuteAsync: Wait for the first run request is over.
TpTrace Verbose: 0 : 23676, 1, 2023/08/18, 11:33:59.067, 764093038744, vstest.console.dll, MulticastDelegateUtilities.SafeInvoke: TestRun.TestRunStart: Invoking callbacks was skipped because there are no subscribers.
TpTrace Verbose: 0 : 23676, 4, 2023/08/18, 11:33:59.067, 764093040848, vstest.console.dll, MulticastDelegateUtilities.SafeInvoke: InternalTestLoggerEvents.SendTestRunStart: Invoking callback 1/1 for Microsoft.VisualStudio.TestPlatform.CommandLine.Internal.ConsoleLogger., took 0 ms.
TpTrace Verbose: 0 : 23676, 1, 2023/08/18, 11:33:59.068, 764093046663, vstest.console.dll, ParallelProxyExecutionManager: Start execution. Total sources: 1
TpTrace Verbose: 0 : 23676, 1, 2023/08/18, 11:33:59.069, 764093056464, vstest.console.dll, TestRequestSender is acting as server.
TpTrace Verbose: 0 : 23676, 1, 2023/08/18, 11:33:59.070, 764093065018, vstest.console.dll, DataCollectionRequestSender.InitializeCommunication : Initialize communication. 
TpTrace Information: 0 : 23676, 1, 2023/08/18, 11:33:59.073, 764093101592, vstest.console.dll, Listening on Endpoint : 127.0.0.1:62874
TpTrace Verbose: 0 : 23676, 1, 2023/08/18, 11:33:59.079, 764093156571, vstest.console.dll, DotnetDataCollectionLauncher: Adding  --runtimeconfig "C:\Program Files\dotnet\sdk\7.0.200\datacollector.runtimeconfig.json" in args
TpTrace Verbose: 0 : 23676, 1, 2023/08/18, 11:33:59.079, 764093157728, vstest.console.dll, DotnetDataCollectionLauncher: Adding  --depsfile "C:\Program Files\dotnet\sdk\7.0.200\datacollector.deps.json" in args
TpTrace Verbose: 0 : 23676, 1, 2023/08/18, 11:33:59.079, 764093159403, vstest.console.dll, DotnetDataCollectionLauncher: Full path of dotnet.exe is C:\Program Files\dotnet\dotnet.exe
TpTrace Information: 0 : 23676, 1, 2023/08/18, 11:33:59.248, 764094845159, vstest.console.dll, ProxyDataCollectionManager.Initialize: Launched datacollector processId: 36620 port: 62874
TpTrace Information: 0 : 23676, 1, 2023/08/18, 11:33:59.248, 764094847096, vstest.console.dll, ProxyDataCollectionManager.Initialize: waiting for connection with timeout: 90 seconds
TpTrace Verbose: 0 : 23676, 1, 2023/08/18, 11:33:59.248, 764094847410, vstest.console.dll, DataCollectionRequestSender.WaitForRequestHandlerConnection : Waiting for connection with timeout: 90000
TpTrace Information: 0 : 23676, 8, 2023/08/18, 11:33:59.527, 764097635990, vstest.console.dll, Using the buffer size of 16384 bytes
TpTrace Information: 0 : 23676, 8, 2023/08/18, 11:33:59.527, 764097636983, vstest.console.dll, Accepted Client request and set the flag
TpTrace Verbose: 0 : 23676, 1, 2023/08/18, 11:33:59.527, 764097637169, vstest.console.dll, SocketCommunicationManager.WaitForClientConnection took: 278 ms, with 90000 ms timeout, and finished with True.
TpTrace Verbose: 0 : 23676, 1, 2023/08/18, 11:33:59.527, 764097638569, vstest.console.dll, ProxyDataCollectionManager.InvokeDataCollectionServiceAction: Starting.
TpTrace Information: 0 : 23676, 1, 2023/08/18, 11:33:59.527, 764097639475, vstest.console.dll, ProxyDataCollectionManager.BeforeTestRunStart: Get environment variable and port for datacollector processId: 36620 port: 62874
TpTrace Verbose: 0 : 23676, 1, 2023/08/18, 11:33:59.527, 764097640293, vstest.console.dll, DataCollectionRequestSender.SendBeforeTestRunStartAndGetResult: Send BeforeTestRunStart message with settingsXml <RunSettings><RunConfiguration><ResultsDirectory>C:\Anthonyus\Repo\RaboAssignment\RaboAssignment\RecordRetrieverTest\bin\Debug\net6.0\fine-code-coverage\coverage-tool-output</ResultsDirectory><TargetPlatform>X64</TargetPlatform><TargetFrameworkVersion>.NETCoreApp,Version=v6.0</TargetFrameworkVersion><DesignMode>False</DesignMode><CollectSourceInformation>False</CollectSourceInformation><TestAdaptersPaths>C:\Program Files\dotnet\sdk\7.0.200\Extensions</TestAdaptersPaths></RunConfiguration><LoggerRunSettings><Loggers><Logger friendlyName="blame" enabled="True" /><Logger friendlyName="Console" uri="logger://microsoft/TestPlatform/ConsoleLogger/v1" assemblyQualifiedName="Microsoft.VisualStudio.TestPlatform.CommandLine.Internal.ConsoleLogger, vstest.console, Version=15.0.0.0, Culture=neutral, PublicKeyToken=b03f5f7f11d50a3a" codeBase="C:\Program Files\dotnet\sdk\7.0.200\vstest.console.dll" enabled="True" /></Loggers></LoggerRunSettings><DataCollectionRunSettings><DataCollectors><DataCollector friendlyName="blame" enabled="True"><Configuration><ResultsDirectory>C:\Anthonyus\Repo\RaboAssignment\RaboAssignment\RecordRetrieverTest\bin\Debug\net6.0\fine-code-coverage\coverage-tool-output</ResultsDirectory></Configuration></DataCollector></DataCollectors></DataCollectionRunSettings></RunSettings> and sources System.Collections.Generic.List`1[System.String]: 
TpTrace Verbose: 0 : 23676, 1, 2023/08/18, 11:33:59.581, 764098173871, vstest.console.dll, DataCollectionRequestSender.SendBeforeTestRunStartAndGetResult: Received message: (DataCollection.SendMessage) -> {"MessageType":"DataCollection.SendMessage","Payload":{"FriendlyName":null,"Uri":null,"TestCaseId":"00000000-0000-0000-0000-000000000000","Message":"Logging DataCollector Diagnostics in file: C:\\Anthonyus\\Repo\\RaboAssignment\\RaboAssignment\\RecordRetrieverTest\\bin\\Debug\\net6.0\\fine-code-coverage\\coverage-tool-output\\diagnostics.datacollector.23-08-18_11-33-59_07925_1.log","Level":0}}
TpTrace Verbose: 0 : 23676, 1, 2023/08/18, 11:33:59.634, 764098705785, vstest.console.dll, DataCollectionRequestSender.SendBeforeTestRunStartAndGetResult: Received message: (DataCollection.BeforeTestRunStartResult) -> {"MessageType":"DataCollection.BeforeTestRunStartResult","Payload":{"EnvironmentVariables":{},"DataCollectionEventsPort":62876}}
TpTrace Information: 0 : 23676, 1, 2023/08/18, 11:33:59.637, 764098740764, vstest.console.dll, ProxyDataCollectionManager.BeforeTestRunStart: SendBeforeTestRunStartAndGetResult successful, env variable from datacollector:   and testhost port: 62876
TpTrace Information: 0 : 23676, 1, 2023/08/18, 11:33:59.638, 764098741651, vstest.console.dll, ProxyDataCollectionManager.InvokeDataCollectionServiceAction: Completed.
TpTrace Verbose: 0 : 23676, 1, 2023/08/18, 11:33:59.638, 764098742695, vstest.console.dll, ProxyParallelExecutionManager: No sources available for execution.
TpTrace Verbose: 0 : 23676, 8, 2023/08/18, 11:33:59.638, 764098742869, vstest.console.dll, ParallelProxyExecutionManager: Execution started. Started clients: 1
TpTrace Information: 0 : 23676, 1, 2023/08/18, 11:33:59.638, 764098743090, vstest.console.dll, TestRunRequest.ExecuteAsync: Started.
TpTrace Verbose: 0 : 23676, 1, 2023/08/18, 11:33:59.638, 764098744187, vstest.console.dll, TestRunRequest.WaitForCompletion: Waiting with timeout -1.
TpTrace Verbose: 0 : 23676, 8, 2023/08/18, 11:33:59.638, 764098745112, vstest.console.dll, TestRunRequest:SendTestRunMessage: Starting.
TpTrace Verbose: 0 : 23676, 8, 2023/08/18, 11:33:59.638, 764098746283, vstest.console.dll, MulticastDelegateUtilities.SafeInvoke: TestRun.LogMessages: Invoking callback 1/1 for Microsoft.VisualStudio.TestPlatform.CommandLine.TestRunResultAggregator., took 0 ms.
TpTrace Information: 0 : 23676, 8, 2023/08/18, 11:33:59.638, 764098746541, vstest.console.dll, TestRunRequest:SendTestRunMessage: Completed.
TpTrace Verbose: 0 : 23676, 4, 2023/08/18, 11:33:59.638, 764098747697, vstest.console.dll, MulticastDelegateUtilities.SafeInvoke: InternalTestLoggerEvents.SendTestRunMessage: Invoking callback 1/1 for Microsoft.VisualStudio.TestPlatform.CommandLine.Internal.ConsoleLogger., took 0 ms.
TpTrace Verbose: 0 : 23676, 8, 2023/08/18, 11:33:59.638, 764098747728, vstest.console.dll, ProxyExecutionManager: Test host is always Lazy initialize.
TpTrace Verbose: 0 : 23676, 8, 2023/08/18, 11:33:59.638, 764098749982, vstest.console.dll, TestRequestSender.InitializeCommunication: initialize communication. 
TpTrace Information: 0 : 23676, 8, 2023/08/18, 11:33:59.639, 764098754092, vstest.console.dll, SocketServer.Start: Listening on endpoint : 127.0.0.1:62877
TpTrace Verbose: 0 : 23676, 8, 2023/08/18, 11:33:59.639, 764098760852, vstest.console.dll, DotnetTestHostmanager.GetTestHostProcessStartInfo: Platform environment 'X64' target architecture 'X64' framework '.NETCoreApp,Version=v6.0' OS 'Windows'
TpTrace Verbose: 0 : 23676, 8, 2023/08/18, 11:33:59.640, 764098762442, vstest.console.dll, DotnetTestHostmanager: Adding  --runtimeconfig "C:\Anthonyus\Repo\RaboAssignment\RaboAssignment\RecordRetrieverTest\bin\Debug\net6.0\fine-code-coverage\build-output\RecordRetrieverTest.runtimeconfig.json" in args
TpTrace Verbose: 0 : 23676, 8, 2023/08/18, 11:33:59.640, 764098763173, vstest.console.dll, DotnetTestHostmanager: Adding  --depsfile "C:\Anthonyus\Repo\RaboAssignment\RaboAssignment\RecordRetrieverTest\bin\Debug\net6.0\fine-code-coverage\build-output\RecordRetrieverTest.deps.json" in args
TpTrace Verbose: 0 : 23676, 8, 2023/08/18, 11:33:59.640, 764098764393, vstest.console.dll, DotnetTestHostmanager.IsWinOnArm: Current PROCESSOR_ARCHITECTURE from environment variable 'AMD64'
TpTrace Verbose: 0 : 23676, 8, 2023/08/18, 11:33:59.640, 764098764746, vstest.console.dll, DotnetTestHostmanager.IsWinOnArm: Is Windows on ARM 'False'
TpTrace Verbose: 0 : 23676, 8, 2023/08/18, 11:33:59.640, 764098765472, vstest.console.dll, DotnetTestHostManager: testhost.exe found at path: C:\Anthonyus\Repo\RaboAssignment\RaboAssignment\RecordRetrieverTest\bin\Debug\net6.0\fine-code-coverage\build-output\testhost.exe
TpTrace Verbose: 0 : 23676, 8, 2023/08/18, 11:33:59.640, 764098765756, vstest.console.dll, DotnetTestHostmanager: Full path of host exe is C:\Anthonyus\Repo\RaboAssignment\RaboAssignment\RecordRetrieverTest\bin\Debug\net6.0\fine-code-coverage\build-output\testhost.exe
TpTrace Verbose: 0 : 23676, 8, 2023/08/18, 11:33:59.640, 764098766534, vstest.console.dll, DotnetTestHostmanager.LaunchTestHostAsync: Found 'VSTEST_WINAPPHOST_DOTNET_ROOT' in env variables, value 'C:\Program Files\dotnet', forwarding to 'DOTNET_ROOT'
TpTrace Verbose: 0 : 23676, 8, 2023/08/18, 11:33:59.640, 764098767591, vstest.console.dll, DotnetTestHostManager: Starting process 'C:\Anthonyus\Repo\RaboAssignment\RaboAssignment\RecordRetrieverTest\bin\Debug\net6.0\fine-code-coverage\build-output\testhost.exe' with command line ' --runtimeconfig "C:\Anthonyus\Repo\RaboAssignment\RaboAssignment\RecordRetrieverTest\bin\Debug\net6.0\fine-code-coverage\build-output\RecordRetrieverTest.runtimeconfig.json" --depsfile "C:\Anthonyus\Repo\RaboAssignment\RaboAssignment\RecordRetrieverTest\bin\Debug\net6.0\fine-code-coverage\build-output\RecordRetrieverTest.deps.json" --port 62877 --endpoint 127.0.0.1:062877 --role client --parentprocessid 23676 --diag "C:\Anthonyus\Repo\RaboAssignment\RaboAssignment\RecordRetrieverTest\bin\Debug\net6.0\fine-code-coverage\coverage-tool-output\diagnostics.host.23-08-18_11-33-59_63958_8.log" --tracelevel 4 --datacollectionport 62876 --telemetryoptedin false'
TpTrace Verbose: 0 : 23676, 8, 2023/08/18, 11:33:59.792, 764100290409, vstest.console.dll, MulticastDelegateUtilities.SafeInvoke: HostProviderEvents.OnHostLaunched: Invoking callback 1/2 for Microsoft.VisualStudio.TestPlatform.CrossPlatEngine.Client.ProxyExecutionManagerWithDataCollection., took 1 ms.
TpTrace Verbose: 0 : 23676, 8, 2023/08/18, 11:33:59.793, 764100293240, vstest.console.dll, Test Runtime launched
TpTrace Verbose: 0 : 23676, 8, 2023/08/18, 11:33:59.793, 764100293986, vstest.console.dll, MulticastDelegateUtilities.SafeInvoke: HostProviderEvents.OnHostLaunched: Invoking callback 2/2 for Microsoft.VisualStudio.TestPlatform.CrossPlatEngine.Client.ProxyOperationManager., took 0 ms.
TpTrace Verbose: 0 : 23676, 8, 2023/08/18, 11:33:59.793, 764100295140, vstest.console.dll, TestRequestSender.WaitForRequestHandlerConnection: waiting for connection with timeout: 90000.
TpTrace Verbose: 0 : 23676, 13, 2023/08/18, 11:34:00.097, 764103336951, vstest.console.dll, MulticastDelegateUtilities.SafeInvoke: SocketServer: ClientConnected: Invoking callback 1/1 for Microsoft.VisualStudio.TestPlatform.CommunicationUtilities.TestRequestSender., took 0 ms.
TpTrace Verbose: 0 : 23676, 8, 2023/08/18, 11:34:00.097, 764103337099, vstest.console.dll, TestRequestSender.WaitForRequestHandlerConnection: waiting took 304 ms, with timeout 90000 ms, and result 0, which is success.
TpTrace Verbose: 0 : 23676, 13, 2023/08/18, 11:34:00.097, 764103338529, vstest.console.dll, SocketServer.OnClientConnected: Client connected for endPoint: 127.0.0.1:62877, starting MessageLoopAsync:
TpTrace Verbose: 0 : 23676, 13, 2023/08/18, 11:34:00.098, 764103345022, vstest.console.dll, TcpClientExtensions.MessageLoopAsync: Polling on remoteEndPoint: 127.0.0.1:62878 localEndPoint: 127.0.0.1:62877
TpTrace Verbose: 0 : 23676, 8, 2023/08/18, 11:34:00.098, 764103351338, vstest.console.dll, TestRequestSender.CheckVersionWithTestHost: Sending check version message: {"MessageType":"ProtocolVersion","Payload":7}
TpTrace Verbose: 0 : 23676, 13, 2023/08/18, 11:34:00.201, 764104375787, vstest.console.dll, TcpClientExtensions.MessageLoopAsync: NotifyDataAvailable remoteEndPoint: 127.0.0.1:62878 localEndPoint: 127.0.0.1:62877
TpTrace Verbose: 0 : 23676, 13, 2023/08/18, 11:34:00.201, 764104378453, vstest.console.dll, TestRequestSender.CheckVersionWithTestHost: onMessageReceived received message: (ProtocolVersion) -> {"MessageType":"ProtocolVersion","Payload":7}
TpTrace Verbose: 0 : 23676, 13, 2023/08/18, 11:34:00.202, 764104384578, vstest.console.dll, MulticastDelegateUtilities.SafeInvoke: LengthPrefixCommunicationChannel: MessageReceived: Invoking callback 1/1 for Microsoft.VisualStudio.TestPlatform.CommunicationUtilities.TestRequestSender+<>c__DisplayClass29_0., took 0 ms.
TpTrace Verbose: 0 : 23676, 13, 2023/08/18, 11:34:00.202, 764104385478, vstest.console.dll, TcpClientExtensions.MessageLoopAsync: Polling on remoteEndPoint: 127.0.0.1:62878 localEndPoint: 127.0.0.1:62877
TpTrace Verbose: 0 : 23676, 8, 2023/08/18, 11:34:00.202, 764104386545, vstest.console.dll, TestPluginCache.GetExtensionPaths: Filtered extension paths: 
TpTrace Verbose: 0 : 23676, 8, 2023/08/18, 11:34:00.202, 764104387176, vstest.console.dll, TestPluginCache.GetExtensionPaths: Added default extension paths: C:\Program Files\dotnet\sdk\7.0.200\Extensions\Microsoft.Diagnostics.NETCore.Client.dll
C:\Program Files\dotnet\sdk\7.0.200\Extensions\Microsoft.TestPlatform.Extensions.BlameDataCollector.dll
C:\Program Files\dotnet\sdk\7.0.200\Extensions\Microsoft.TestPlatform.Extensions.EventLogCollector.dll
C:\Program Files\dotnet\sdk\7.0.200\Extensions\Microsoft.TestPlatform.TestHostRuntimeProvider.dll
C:\Program Files\dotnet\sdk\7.0.200\Extensions\Microsoft.VisualStudio.TestPlatform.Extensions.Html.TestLogger.dll
C:\Program Files\dotnet\sdk\7.0.200\Extensions\Microsoft.VisualStudio.TestPlatform.Extensions.Trx.TestLogger.dll
TpTrace Verbose: 0 : 23676, 8, 2023/08/18, 11:34:00.202, 764104387320, vstest.console.dll, TestPluginCache.GetExtensionPaths: Added unfilterableExtensionPaths: 
TpTrace Verbose: 0 : 23676, 13, 2023/08/18, 11:34:00.205, 764104413255, vstest.console.dll, TcpClientExtensions.MessageLoopAsync: NotifyDataAvailable remoteEndPoint: 127.0.0.1:62878 localEndPoint: 127.0.0.1:62877
TpTrace Verbose: 0 : 23676, 8, 2023/08/18, 11:34:00.205, 764104413275, vstest.console.dll, TestRequestSender.InitializeExecution: Sending initialize execution with message: {"Version":7,"MessageType":"TestExecution.Initialize","Payload":["C:\\Anthonyus\\Repo\\RaboAssignment\\RaboAssignment\\RecordRetrieverTest\\bin\\Debug\\net6.0\\fine-code-coverage\\build-output\\Microsoft.VisualStudio.TestPlatform.MSTest.TestAdapter.dll"]}
TpTrace Verbose: 0 : 23676, 13, 2023/08/18, 11:34:00.205, 764104414129, vstest.console.dll, LengthPrefixCommunicationChannel.NotifyDataAvailable: New data are waiting to be received, but there is no subscriber to be notified. Not reading them from the stream.
TpTrace Verbose: 0 : 23676, 13, 2023/08/18, 11:34:00.205, 764104414475, vstest.console.dll, TcpClientExtensions.MessageLoopAsync: Polling on remoteEndPoint: 127.0.0.1:62878 localEndPoint: 127.0.0.1:62877
TpTrace Verbose: 0 : 23676, 13, 2023/08/18, 11:34:00.205, 764104414741, vstest.console.dll, TcpClientExtensions.MessageLoopAsync: NotifyDataAvailable remoteEndPoint: 127.0.0.1:62878 localEndPoint: 127.0.0.1:62877
TpTrace Verbose: 0 : 23676, 13, 2023/08/18, 11:34:00.205, 764104414850, vstest.console.dll, LengthPrefixCommunicationChannel.NotifyDataAvailable: New data are waiting to be received, but there is no subscriber to be notified. Not reading them from the stream.
TpTrace Verbose: 0 : 23676, 13, 2023/08/18, 11:34:00.205, 764104414993, vstest.console.dll, TcpClientExtensions.MessageLoopAsync: Polling on remoteEndPoint: 127.0.0.1:62878 localEndPoint: 127.0.0.1:62877
TpTrace Verbose: 0 : 23676, 13, 2023/08/18, 11:34:00.205, 764104415111, vstest.console.dll, TcpClientExtensions.MessageLoopAsync: NotifyDataAvailable remoteEndPoint: 127.0.0.1:62878 localEndPoint: 127.0.0.1:62877
TpTrace Verbose: 0 : 23676, 13, 2023/08/18, 11:34:00.205, 764104415813, vstest.console.dll, LengthPrefixCommunicationChannel.NotifyDataAvailable: New data are waiting to be received, but there is no subscriber to be notified. Not reading them from the stream.
TpTrace Verbose: 0 : 23676, 13, 2023/08/18, 11:34:00.205, 764104416163, vstest.console.dll, TcpClientExtensions.MessageLoopAsync: Polling on remoteEndPoint: 127.0.0.1:62878 localEndPoint: 127.0.0.1:62877
TpTrace Verbose: 0 : 23676, 13, 2023/08/18, 11:34:00.205, 764104416328, vstest.console.dll, TcpClientExtensions.MessageLoopAsync: NotifyDataAvailable remoteEndPoint: 127.0.0.1:62878 localEndPoint: 127.0.0.1:62877
TpTrace Verbose: 0 : 23676, 13, 2023/08/18, 11:34:00.205, 764104416438, vstest.console.dll, LengthPrefixCommunicationChannel.NotifyDataAvailable: New data are waiting to be received, but there is no subscriber to be notified. Not reading them from the stream.
TpTrace Verbose: 0 : 23676, 13, 2023/08/18, 11:34:00.205, 764104416581, vstest.console.dll, TcpClientExtensions.MessageLoopAsync: Polling on remoteEndPoint: 127.0.0.1:62878 localEndPoint: 127.0.0.1:62877
TpTrace Verbose: 0 : 23676, 13, 2023/08/18, 11:34:00.205, 764104416698, vstest.console.dll, TcpClientExtensions.MessageLoopAsync: NotifyDataAvailable remoteEndPoint: 127.0.0.1:62878 localEndPoint: 127.0.0.1:62877
TpTrace Verbose: 0 : 23676, 13, 2023/08/18, 11:34:00.205, 764104416804, vstest.console.dll, LengthPrefixCommunicationChannel.NotifyDataAvailable: New data are waiting to be received, but there is no subscriber to be notified. Not reading them from the stream.
TpTrace Verbose: 0 : 23676, 13, 2023/08/18, 11:34:00.205, 764104418468, vstest.console.dll, TcpClientExtensions.MessageLoopAsync: Polling on remoteEndPoint: 127.0.0.1:62878 localEndPoint: 127.0.0.1:62877
TpTrace Verbose: 0 : 23676, 13, 2023/08/18, 11:34:00.205, 764104419106, vstest.console.dll, TcpClientExtensions.MessageLoopAsync: NotifyDataAvailable remoteEndPoint: 127.0.0.1:62878 localEndPoint: 127.0.0.1:62877
TpTrace Verbose: 0 : 23676, 13, 2023/08/18, 11:34:00.205, 764104419347, vstest.console.dll, LengthPrefixCommunicationChannel.NotifyDataAvailable: New data are waiting to be received, but there is no subscriber to be notified. Not reading them from the stream.
TpTrace Verbose: 0 : 23676, 13, 2023/08/18, 11:34:00.205, 764104419456, vstest.console.dll, TcpClientExtensions.MessageLoopAsync: Polling on remoteEndPoint: 127.0.0.1:62878 localEndPoint: 127.0.0.1:62877
TpTrace Verbose: 0 : 23676, 13, 2023/08/18, 11:34:00.205, 764104419591, vstest.console.dll, TcpClientExtensions.MessageLoopAsync: NotifyDataAvailable remoteEndPoint: 127.0.0.1:62878 localEndPoint: 127.0.0.1:62877
TpTrace Verbose: 0 : 23676, 13, 2023/08/18, 11:34:00.205, 764104419732, vstest.console.dll, LengthPrefixCommunicationChannel.NotifyDataAvailable: New data are waiting to be received, but there is no subscriber to be notified. Not reading them from the stream.
TpTrace Warning: 0 : 23676, 8, 2023/08/18, 11:34:00.205, 764104417568, vstest.console.dll, InferRunSettingsHelper.MakeRunsettingsCompatible: Removing the following settings: TargetPlatform from RunSettings file. To use those settings please move to latest version of Microsoft.NET.Test.Sdk
TpTrace Verbose: 0 : 23676, 13, 2023/08/18, 11:34:00.205, 764104419840, vstest.console.dll, TcpClientExtensions.MessageLoopAsync: Polling on remoteEndPoint: 127.0.0.1:62878 localEndPoint: 127.0.0.1:62877
TpTrace Verbose: 0 : 23676, 13, 2023/08/18, 11:34:00.205, 764104420511, vstest.console.dll, TcpClientExtensions.MessageLoopAsync: NotifyDataAvailable remoteEndPoint: 127.0.0.1:62878 localEndPoint: 127.0.0.1:62877
TpTrace Verbose: 0 : 23676, 13, 2023/08/18, 11:34:00.205, 764104420666, vstest.console.dll, LengthPrefixCommunicationChannel.NotifyDataAvailable: New data are waiting to be received, but there is no subscriber to be notified. Not reading them from the stream.
TpTrace Verbose: 0 : 23676, 13, 2023/08/18, 11:34:00.205, 764104420780, vstest.console.dll, TcpClientExtensions.MessageLoopAsync: Polling on remoteEndPoint: 127.0.0.1:62878 localEndPoint: 127.0.0.1:62877
TpTrace Verbose: 0 : 23676, 13, 2023/08/18, 11:34:00.205, 764104420916, vstest.console.dll, TcpClientExtensions.MessageLoopAsync: NotifyDataAvailable remoteEndPoint: 127.0.0.1:62878 localEndPoint: 127.0.0.1:62877
TpTrace Verbose: 0 : 23676, 13, 2023/08/18, 11:34:00.205, 764104421030, vstest.console.dll, LengthPrefixCommunicationChannel.NotifyDataAvailable: New data are waiting to be received, but there is no subscriber to be notified. Not reading them from the stream.
TpTrace Verbose: 0 : 23676, 13, 2023/08/18, 11:34:00.205, 764104421139, vstest.console.dll, TcpClientExtensions.MessageLoopAsync: Polling on remoteEndPoint: 127.0.0.1:62878 localEndPoint: 127.0.0.1:62877
TpTrace Verbose: 0 : 23676, 13, 2023/08/18, 11:34:00.205, 764104421284, vstest.console.dll, TcpClientExtensions.MessageLoopAsync: NotifyDataAvailable remoteEndPoint: 127.0.0.1:62878 localEndPoint: 127.0.0.1:62877
TpTrace Verbose: 0 : 23676, 13, 2023/08/18, 11:34:00.205, 764104421391, vstest.console.dll, LengthPrefixCommunicationChannel.NotifyDataAvailable: New data are waiting to be received, but there is no subscriber to be notified. Not reading them from the stream.
TpTrace Verbose: 0 : 23676, 13, 2023/08/18, 11:34:00.205, 764104421500, vstest.console.dll, TcpClientExtensions.MessageLoopAsync: Polling on remoteEndPoint: 127.0.0.1:62878 localEndPoint: 127.0.0.1:62877
TpTrace Verbose: 0 : 23676, 13, 2023/08/18, 11:34:00.206, 764104421618, vstest.console.dll, TcpClientExtensions.MessageLoopAsync: NotifyDataAvailable remoteEndPoint: 127.0.0.1:62878 localEndPoint: 127.0.0.1:62877
TpTrace Verbose: 0 : 23676, 13, 2023/08/18, 11:34:00.206, 764104421726, vstest.console.dll, LengthPrefixCommunicationChannel.NotifyDataAvailable: New data are waiting to be received, but there is no subscriber to be notified. Not reading them from the stream.
TpTrace Verbose: 0 : 23676, 13, 2023/08/18, 11:34:00.206, 764104421937, vstest.console.dll, TcpClientExtensions.MessageLoopAsync: Polling on remoteEndPoint: 127.0.0.1:62878 localEndPoint: 127.0.0.1:62877
TpTrace Verbose: 0 : 23676, 13, 2023/08/18, 11:34:00.206, 764104422126, vstest.console.dll, TcpClientExtensions.MessageLoopAsync: NotifyDataAvailable remoteEndPoint: 127.0.0.1:62878 localEndPoint: 127.0.0.1:62877
TpTrace Verbose: 0 : 23676, 13, 2023/08/18, 11:34:00.206, 764104422237, vstest.console.dll, LengthPrefixCommunicationChannel.NotifyDataAvailable: New data are waiting to be received, but there is no subscriber to be notified. Not reading them from the stream.
TpTrace Verbose: 0 : 23676, 13, 2023/08/18, 11:34:00.206, 764104422346, vstest.console.dll, TcpClientExtensions.MessageLoopAsync: Polling on remoteEndPoint: 127.0.0.1:62878 localEndPoint: 127.0.0.1:62877
TpTrace Verbose: 0 : 23676, 13, 2023/08/18, 11:34:00.206, 764104422469, vstest.console.dll, TcpClientExtensions.MessageLoopAsync: NotifyDataAvailable remoteEndPoint: 127.0.0.1:62878 localEndPoint: 127.0.0.1:62877
TpTrace Verbose: 0 : 23676, 13, 2023/08/18, 11:34:00.206, 764104422672, vstest.console.dll, LengthPrefixCommunicationChannel.NotifyDataAvailable: New data are waiting to be received, but there is no subscriber to be notified. Not reading them from the stream.
TpTrace Verbose: 0 : 23676, 13, 2023/08/18, 11:34:00.206, 764104422910, vstest.console.dll, TcpClientExtensions.MessageLoopAsync: Polling on remoteEndPoint: 127.0.0.1:62878 localEndPoint: 127.0.0.1:62877
TpTrace Verbose: 0 : 23676, 13, 2023/08/18, 11:34:00.206, 764104423092, vstest.console.dll, TcpClientExtensions.MessageLoopAsync: NotifyDataAvailable remoteEndPoint: 127.0.0.1:62878 localEndPoint: 127.0.0.1:62877
TpTrace Verbose: 0 : 23676, 13, 2023/08/18, 11:34:00.206, 764104423205, vstest.console.dll, LengthPrefixCommunicationChannel.NotifyDataAvailable: New data are waiting to be received, but there is no subscriber to be notified. Not reading them from the stream.
TpTrace Verbose: 0 : 23676, 13, 2023/08/18, 11:34:00.206, 764104423318, vstest.console.dll, TcpClientExtensions.MessageLoopAsync: Polling on remoteEndPoint: 127.0.0.1:62878 localEndPoint: 127.0.0.1:62877
TpTrace Verbose: 0 : 23676, 13, 2023/08/18, 11:34:00.206, 764104423455, vstest.console.dll, TcpClientExtensions.MessageLoopAsync: NotifyDataAvailable remoteEndPoint: 127.0.0.1:62878 localEndPoint: 127.0.0.1:62877
TpTrace Verbose: 0 : 23676, 13, 2023/08/18, 11:34:00.206, 764104423674, vstest.console.dll, LengthPrefixCommunicationChannel.NotifyDataAvailable: New data are waiting to be received, but there is no subscriber to be notified. Not reading them from the stream.
TpTrace Verbose: 0 : 23676, 13, 2023/08/18, 11:34:00.206, 764104423865, vstest.console.dll, TcpClientExtensions.MessageLoopAsync: Polling on remoteEndPoint: 127.0.0.1:62878 localEndPoint: 127.0.0.1:62877
TpTrace Verbose: 0 : 23676, 13, 2023/08/18, 11:34:00.206, 764104424007, vstest.console.dll, TcpClientExtensions.MessageLoopAsync: NotifyDataAvailable remoteEndPoint: 127.0.0.1:62878 localEndPoint: 127.0.0.1:62877
TpTrace Verbose: 0 : 23676, 13, 2023/08/18, 11:34:00.206, 764104426103, vstest.console.dll, TestRequestSender.OnExecutionMessageReceived: Received message: {"Version":7,"MessageType":"TestSession.Message","Payload":{"MessageLevel":0,"Message":"Logging TestHost Diagnostics in file: C:\\Anthonyus\\Repo\\RaboAssignment\\RaboAssignment\\RecordRetrieverTest\\bin\\Debug\\net6.0\\fine-code-coverage\\coverage-tool-output\\diagnostics.host.23-08-18_11-33-59_63958_8.log"}}
TpTrace Verbose: 0 : 23676, 13, 2023/08/18, 11:34:00.208, 764104442285, vstest.console.dll, TestRunRequest:SendTestRunMessage: Starting.
TpTrace Verbose: 0 : 23676, 13, 2023/08/18, 11:34:00.208, 764104443602, vstest.console.dll, MulticastDelegateUtilities.SafeInvoke: TestRun.LogMessages: Invoking callback 1/1 for Microsoft.VisualStudio.TestPlatform.CommandLine.TestRunResultAggregator., took 0 ms.
TpTrace Information: 0 : 23676, 13, 2023/08/18, 11:34:00.208, 764104443935, vstest.console.dll, TestRunRequest:SendTestRunMessage: Completed.
TpTrace Verbose: 0 : 23676, 13, 2023/08/18, 11:34:00.208, 764104444196, vstest.console.dll, MulticastDelegateUtilities.SafeInvoke: LengthPrefixCommunicationChannel: MessageReceived: Invoking callback 1/1 for Microsoft.VisualStudio.TestPlatform.CommunicationUtilities.TestRequestSender+<>c__DisplayClass34_0., took 1 ms.
TpTrace Verbose: 0 : 23676, 13, 2023/08/18, 11:34:00.208, 764104444354, vstest.console.dll, TcpClientExtensions.MessageLoopAsync: Polling on remoteEndPoint: 127.0.0.1:62878 localEndPoint: 127.0.0.1:62877
TpTrace Verbose: 0 : 23676, 4, 2023/08/18, 11:34:00.208, 764104444354, vstest.console.dll, MulticastDelegateUtilities.SafeInvoke: InternalTestLoggerEvents.SendTestRunMessage: Invoking callback 1/1 for Microsoft.VisualStudio.TestPlatform.CommandLine.Internal.ConsoleLogger., took 0 ms.
TpTrace Verbose: 0 : 23676, 8, 2023/08/18, 11:34:00.210, 764104467514, vstest.console.dll, TestRequestSender.StartTestRun: Sending test run with message: {"Version":7,"MessageType":"TestExecution.StartWithSources","Payload":{"AdapterSourceMap":{"_none_":["C:\\Anthonyus\\Repo\\RaboAssignment\\RaboAssignment\\RecordRetrieverTest\\bin\\Debug\\net6.0\\fine-code-coverage\\build-output\\RecordRetrieverTest.dll"]},"RunSettings":"<RunSettings>\r\n  <RunConfiguration>\r\n    <ResultsDirectory>C:\\Anthonyus\\Repo\\RaboAssignment\\RaboAssignment\\RecordRetrieverTest\\bin\\Debug\\net6.0\\fine-code-coverage\\coverage-tool-output</ResultsDirectory>\r\n    <TargetFrameworkVersion>.NETCoreApp,Version=v6.0</TargetFrameworkVersion>\r\n    <DesignMode>False</DesignMode>\r\n    <CollectSourceInformation>False</CollectSourceInformation>\r\n  </RunConfiguration>\r\n  <LoggerRunSettings>\r\n    <Loggers>\r\n      <Logger friendlyName=\"blame\" enabled=\"True\" />\r\n      <Logger friendlyName=\"Console\" uri=\"logger://microsoft/TestPlatform/ConsoleLogger/v1\" assemblyQualifiedName=\"Microsoft.VisualStudio.TestPlatform.CommandLine.Internal.ConsoleLogger, vstest.console, Version=15.0.0.0, Culture=neutral, PublicKeyToken=b03f5f7f11d50a3a\" codeBase=\"C:\\Program Files\\dotnet\\sdk\\7.0.200\\vstest.console.dll\" enabled=\"True\" />\r\n    </Loggers>\r\n  </LoggerRunSettings>\r\n  <DataCollectionRunSettings>\r\n    <DataCollectors>\r\n      <DataCollector friendlyName=\"blame\" enabled=\"True\">\r\n        <Configuration>\r\n          <ResultsDirectory>C:\\Anthonyus\\Repo\\RaboAssignment\\RaboAssignment\\RecordRetrieverTest\\bin\\Debug\\net6.0\\fine-code-coverage\\coverage-tool-output</ResultsDirectory>\r\n        </Configuration>\r\n      </DataCollector>\r\n    </DataCollectors>\r\n  </DataCollectionRunSettings>\r\n</RunSettings>","TestExecutionContext":{"FrequencyOfRunStatsChangeEvent":10,"RunStatsChangeEventTimeout":"00:00:01.5000000","InIsolation":false,"KeepAlive":false,"AreTestCaseLevelEventsRequired":false,"IsDebug":false,"TestCaseFilter":null,"FilterOptions":null},"Package":null}}
TpTrace Verbose: 0 : 23676, 13, 2023/08/18, 11:34:00.617, 764108540679, vstest.console.dll, TcpClientExtensions.MessageLoopAsync: NotifyDataAvailable remoteEndPoint: 127.0.0.1:62878 localEndPoint: 127.0.0.1:62877
TpTrace Verbose: 0 : 23676, 13, 2023/08/18, 11:34:00.618, 764108543855, vstest.console.dll, TestRequestSender.OnExecutionMessageReceived: Received message: {"Version":7,"MessageType":"TestExecution.Completed","Payload":{"TestRunCompleteArgs":{"TestRunStatistics":{"ExecutedTests":4,"Stats":{"Passed":4}},"IsCanceled":false,"IsAborted":false,"Error":null,"AttachmentSets":[],"InvokedDataCollectors":[],"ElapsedTimeInRunningTests":"00:00:00.2738550","Metrics":{},"DiscoveredExtensions":{"TestDiscoverers":["Microsoft.VisualStudio.TestPlatform.MSTest.TestAdapter.MSTestDiscoverer, Microsoft.VisualStudio.TestPlatform.MSTest.TestAdapter, Version=14.0.0.0, Culture=neutral, PublicKeyToken=b03f5f7f11d50a3a"],"TestExecutors":["executor://MSTestAdapter/v2"],"TestExecutors2":[],"TestSettingsProviders":[]}},"LastRunTests":{"NewTestResults":[{"TestCase":{"Id":"cdd59423-7c8e-97dd-f0ff-d95ade9c1ae0","FullyQualifiedName":"RecordRetrieverTest.RecordRetrieverFunctionTests.CreateRecordRetrieverFunction_should_succeed","DisplayName":"CreateRecordRetrieverFunction_should_succeed","ExecutorUri":"executor://MSTestAdapter/v2","Source":"C:\\Anthonyus\\Repo\\RaboAssignment\\RaboAssignment\\RecordRetrieverTest\\bin\\Debug\\net6.0\\fine-code-coverage\\build-output\\RecordRetrieverTest.dll","CodeFilePath":null,"LineNumber":-1,"Properties":[{"Key":{"Id":"MSTest.TestIdGenerationStrategy","Label":"TestIdGenerationStrategy","Category":"","Description":"","Attributes":1,"ValueType":"System.Int32"},"Value":2},{"Key":{"Id":"MSTestDiscoverer.TestClassName","Label":"ClassName","Category":"","Description":"","Attributes":1,"ValueType":"System.String"},"Value":"RecordRetrieverTest.RecordRetrieverFunctionTests"},{"Key":{"Id":"TestCase.ManagedType","Label":"ManagedType","Category":"","Description":"","Attributes":1,"ValueType":"System.String"},"Value":"RecordRetrieverTest.RecordRetrieverFunctionTests"},{"Key":{"Id":"TestCase.Hierarchy","Label":"Hierarchy","Category":"","Description":"","Attributes":2,"ValueType":"System.String[]"},"Value":[null,"RecordRetrieverTest","RecordRetrieverFunctionTests","CreateRecordRetrieverFunction_should_succeed"]},{"Key":{"Id":"TestObject.Traits","Label":"Traits","Category":"","Description":"","Attributes":5,"ValueType":"System.Collections.Generic.KeyValuePair`2[[System.String],[System.String]][]"},"Value":[]},{"Key":{"Id":"TestCase.ManagedMethod","Label":"ManagedMethod","Category":"","Description":"","Attributes":1,"ValueType":"System.String"},"Value":"CreateRecordRetrieverFunction_should_succeed"}]},"Attachments":[],"Outcome":1,"ErrorMessage":null,"ErrorStackTrace":null,"DisplayName":"CreateRecordRetrieverFunction_should_succeed","Messages":[],"ComputerName":"WINAPSN5M2X5NSO","Duration":"00:00:00.1122392","StartTime":"2023-08-18T11:34:00.4236965+02:00","EndTime":"2023-08-18T11:34:00.547552+02:00","Properties":[{"Key":{"Id":"InnerResultsCount","Label":"InnerResultsCount","Category":"","Description":"","Attributes":1,"ValueType":"System.Int32"},"Value":0},{"Key":{"Id":"ExecutionId","Label":"ExecutionId","Category":"","Description":"","Attributes":1,"ValueType":"System.Guid"},"Value":"00000000-0000-0000-0000-000000000000"},{"Key":{"Id":"ParentExecId","Label":"ParentExecId","Category":"","Description":"","Attributes":1,"ValueType":"System.Guid"},"Value":"00000000-0000-0000-0000-000000000000"}]},{"TestCase":{"Id":"af2f77f5-aed0-ddab-80b2-b59dd25fc14b","FullyQualifiedName":"RecordRetrieverTest.RecordRetrieverFunctionTests.RetrieveAndSendRecords_should_succeed","DisplayName":"RetrieveAndSendRecords_should_succeed","ExecutorUri":"executor://MSTestAdapter/v2","Source":"C:\\Anthonyus\\Repo\\RaboAssignment\\RaboAssignment\\RecordRetrieverTest\\bin\\Debug\\net6.0\\fine-code-coverage\\build-output\\RecordRetrieverTest.dll","CodeFilePath":null,"LineNumber":-1,"Properties":[{"Key":{"Id":"MSTest.TestIdGenerationStrategy","Label":"TestIdGenerationStrategy","Category":"","Description":"","Attributes":1,"ValueType":"System.Int32"},"Value":2},{"Key":{"Id":"MSTestDiscoverer.TestClassName","Label":"ClassName","Category":"","Description":"","Attributes":1,"ValueType":"System.String"},"Value":"RecordRetrieverTest.RecordRetrieverFunctionTests"},{"Key":{"Id":"TestCase.ManagedType","Label":"ManagedType","Category":"","Description":"","Attributes":1,"ValueType":"System.String"},"Value":"RecordRetrieverTest.RecordRetrieverFunctionTests"},{"Key":{"Id":"TestCase.Hierarchy","Label":"Hierarchy","Category":"","Description":"","Attributes":2,"ValueType":"System.String[]"},"Value":[null,"RecordRetrieverTest","RecordRetrieverFunctionTests","RetrieveAndSendRecords_should_succeed"]},{"Key":{"Id":"TestObject.Traits","Label":"Traits","Category":"","Description":"","Attributes":5,"ValueType":"System.Collections.Generic.KeyValuePair`2[[System.String],[System.String]][]"},"Value":[]},{"Key":{"Id":"TestCase.ManagedMethod","Label":"ManagedMethod","Category":"","Description":"","Attributes":1,"ValueType":"System.String"},"Value":"RetrieveAndSendRecords_should_succeed"}]},"Attachments":[],"Outcome":1,"ErrorMessage":null,"ErrorStackTrace":null,"DisplayName":"RetrieveAndSendRecords_should_succeed","Messages":[],"ComputerName":"WINAPSN5M2X5NSO","Duration":"00:00:00.0202239","StartTime":"2023-08-18T11:34:00.5623725+02:00","EndTime":"2023-08-18T11:34:00.5827943+02:00","Properties":[{"Key":{"Id":"InnerResultsCount","Label":"InnerResultsCount","Category":"","Description":"","Attributes":1,"ValueType":"System.Int32"},"Value":0},{"Key":{"Id":"ExecutionId","Label":"ExecutionId","Category":"","Description":"","Attributes":1,"ValueType":"System.Guid"},"Value":"00000000-0000-0000-0000-000000000000"},{"Key":{"Id":"ParentExecId","Label":"ParentExecId","Category":"","Description":"","Attributes":1,"ValueType":"System.Guid"},"Value":"00000000-0000-0000-0000-000000000000"}]},{"TestCase":{"Id":"2ea58514-3cbb-ab07-20d8-0e851382398e","FullyQualifiedName":"RecordRetrieverTest.RecordRetrieverFunctionTests.RetrieveAndSendRecords_should_throw_whenErrorOccuredDuringRetrievingData","DisplayName":"RetrieveAndSendRecords_should_throw_whenErrorOccuredDuringRetrievingData","ExecutorUri":"executor://MSTestAdapter/v2","Source":"C:\\Anthonyus\\Repo\\RaboAssignment\\RaboAssignment\\RecordRetrieverTest\\bin\\Debug\\net6.0\\fine-code-coverage\\build-output\\RecordRetrieverTest.dll","CodeFilePath":null,"LineNumber":-1,"Properties":[{"Key":{"Id":"MSTest.TestIdGenerationStrategy","Label":"TestIdGenerationStrategy","Category":"","Description":"","Attributes":1,"ValueType":"System.Int32"},"Value":2},{"Key":{"Id":"MSTestDiscoverer.TestClassName","Label":"ClassName","Category":"","Description":"","Attributes":1,"ValueType":"System.String"},"Value":"RecordRetrieverTest.RecordRetrieverFunctionTests"},{"Key":{"Id":"TestCase.ManagedType","Label":"ManagedType","Category":"","Description":"","Attributes":1,"ValueType":"System.String"},"Value":"RecordRetrieverTest.RecordRetrieverFunctionTests"},{"Key":{"Id":"TestCase.Hierarchy","Label":"Hierarchy","Category":"","Description":"","Attributes":2,"ValueType":"System.String[]"},"Value":[null,"RecordRetrieverTest","RecordRetrieverFunctionTests","RetrieveAndSendRecords_should_throw_whenErrorOccuredDuringRetrievingData"]},{"Key":{"Id":"TestObject.Traits","Label":"Traits","Category":"","Description":"","Attributes":5,"ValueType":"System.Collections.Generic.KeyValuePair`2[[System.String],[System.String]][]"},"Value":[]},{"Key":{"Id":"TestCase.ManagedMethod","Label":"ManagedMethod","Category":"","Description":"","Attributes":1,"ValueType":"System.String"},"Value":"RetrieveAndSendRecords_should_throw_whenErrorOccuredDuringRetrievingData"}]},"Attachments":[],"Outcome":1,"ErrorMessage":null,"ErrorStackTrace":null,"DisplayName":"RetrieveAndSendRecords_should_throw_whenErrorOccuredDuringRetrievingData","Messages":[],"ComputerName":"WINAPSN5M2X5NSO","Duration":"00:00:00.0031527","StartTime":"2023-08-18T11:34:00.5851979+02:00","EndTime":"2023-08-18T11:34:00.5884939+02:00","Properties":[{"Key":{"Id":"InnerResultsCount","Label":"InnerResultsCount","Category":"","Description":"","Attributes":1,"ValueType":"System.Int32"},"Value":0},{"Key":{"Id":"ExecutionId","Label":"ExecutionId","Category":"","Description":"","Attributes":1,"ValueType":"System.Guid"},"Value":"00000000-0000-0000-0000-000000000000"},{"Key":{"Id":"ParentExecId","Label":"ParentExecId","Category":"","Description":"","Attributes":1,"ValueType":"System.Guid"},"Value":"00000000-0000-0000-0000-000000000000"}]},{"TestCase":{"Id":"68f8b381-5e63-b3a0-750b-d9e901e0d0cf","FullyQualifiedName":"RecordRetrieverTest.RecordRetrieverFunctionTests.RetrieveAndSendRecords_should_throw_whenErrorOccuredDuringSendingData","DisplayName":"RetrieveAndSendRecords_should_throw_whenErrorOccuredDuringSendingData","ExecutorUri":"executor://MSTestAdapter/v2","Source":"C:\\Anthonyus\\Repo\\RaboAssignment\\RaboAssignment\\RecordRetrieverTest\\bin\\Debug\\net6.0\\fine-code-coverage\\build-output\\RecordRetrieverTest.dll","CodeFilePath":null,"LineNumber":-1,"Properties":[{"Key":{"Id":"MSTest.TestIdGenerationStrategy","Label":"TestIdGenerationStrategy","Category":"","Description":"","Attributes":1,"ValueType":"System.Int32"},"Value":2},{"Key":{"Id":"MSTestDiscoverer.TestClassName","Label":"ClassName","Category":"","Description":"","Attributes":1,"ValueType":"System.String"},"Value":"RecordRetrieverTest.RecordRetrieverFunctionTests"},{"Key":{"Id":"TestCase.ManagedType","Label":"ManagedType","Category":"","Description":"","Attributes":1,"ValueType":"System.String"},"Value":"RecordRetrieverTest.RecordRetrieverFunctionTests"},{"Key":{"Id":"TestCase.Hierarchy","Label":"Hierarchy","Category":"","Description":"","Attributes":2,"ValueType":"System.String[]"},"Value":[null,"RecordRetrieverTest","RecordRetrieverFunctionTests","RetrieveAndSendRecords_should_throw_whenErrorOccuredDuringSendingData"]},{"Key":{"Id":"TestObject.Traits","Label":"Traits","Category":"","Description":"","Attributes":5,"ValueType":"System.Collections.Generic.KeyValuePair`2[[System.String],[System.String]][]"},"Value":[]},{"Key":{"Id":"TestCase.ManagedMethod","Label":"ManagedMethod","Category":"","Description":"","Attributes":1,"ValueType":"System.String"},"Value":"RetrieveAndSendRecords_should_throw_whenErrorOccuredDuringSendingData"}]},"Attachments":[],"Outcome":1,"ErrorMessage":null,"ErrorStackTrace":null,"DisplayName":"RetrieveAndSendRecords_should_throw_whenErrorOccuredDuringSendingData","Messages":[],"ComputerName":"WINAPSN5M2X5NSO","Duration":"00:00:00.0018491","StartTime":"2023-08-18T11:34:00.5901626+02:00","EndTime":"2023-08-18T11:34:00.5926143+02:00","Properties":[{"Key":{"Id":"InnerResultsCount","Label":"InnerResultsCount","Category":"","Description":"","Attributes":1,"ValueType":"System.Int32"},"Value":0},{"Key":{"Id":"ExecutionId","Label":"ExecutionId","Category":"","Description":"","Attributes":1,"ValueType":"System.Guid"},"Value":"00000000-0000-0000-0000-000000000000"},{"Key":{"Id":"ParentExecId","Label":"ParentExecId","Category":"","Description":"","Attributes":1,"ValueType":"System.Guid"},"Value":"00000000-0000-0000-0000-000000000000"}]}],"TestRunStatistics":{"ExecutedTests":4,"Stats":{"Passed":4}},"ActiveTests":[]},"RunAttachments":[],"ExecutorUris":["executor://mstestadapter/v2"]}}
TpTrace Verbose: 0 : 23676, 13, 2023/08/18, 11:34:00.618, 764108545330, vstest.console.dll, TestRequestSender.EndSession: Sending end session.
TpTrace Verbose: 0 : 23676, 13, 2023/08/18, 11:34:00.618, 764108546695, vstest.console.dll, ProxyOperationManager.Close: waiting for test host to exit for 100 ms
TpTrace Warning: 0 : 23676, 12, 2023/08/18, 11:34:00.641, 764108772982, vstest.console.dll, TestHostManagerCallbacks.ErrorReceivedCallback Test host standard error line: 
TpTrace Verbose: 0 : 23676, 12, 2023/08/18, 11:34:00.647, 764108839417, vstest.console.dll, TestHostProvider.ExitCallBack: Host exited starting callback.
TpTrace Information: 0 : 23676, 12, 2023/08/18, 11:34:00.647, 764108841087, vstest.console.dll, TestHostManagerCallbacks.ExitCallBack: Testhost processId: 4256 exited with exitcode: 0 error: ''
TpTrace Verbose: 0 : 23676, 12, 2023/08/18, 11:34:00.647, 764108841402, vstest.console.dll, DotnetTestHostManager.OnHostExited: invoking OnHostExited callback
TpTrace Verbose: 0 : 23676, 12, 2023/08/18, 11:34:00.648, 764108841711, vstest.console.dll, CrossPlatEngine.TestHostManagerHostExited: calling on client process exit callback.
TpTrace Information: 0 : 23676, 12, 2023/08/18, 11:34:00.648, 764108842005, vstest.console.dll, TestRequestSender.OnClientProcessExit: Test host process exited. Standard error: 
TpTrace Information: 0 : 23676, 12, 2023/08/18, 11:34:00.648, 764108842201, vstest.console.dll, SocketServer.Stop: Stop server endPoint: 127.0.0.1:62877
TpTrace Information: 0 : 23676, 12, 2023/08/18, 11:34:00.648, 764108842305, vstest.console.dll, SocketServer.Stop: Cancellation requested. Stopping message loop.
TpTrace Verbose: 0 : 23676, 12, 2023/08/18, 11:34:00.648, 764108842842, vstest.console.dll, MulticastDelegateUtilities.SafeInvoke: HostProviderEvents.OnHostExited: Invoking callback 1/1 for Microsoft.VisualStudio.TestPlatform.CrossPlatEngine.Client.ProxyOperationManager., took 0 ms.
TpTrace Information: 0 : 23676, 13, 2023/08/18, 11:34:00.648, 764108843105, vstest.console.dll, SocketServer.Stop: Stop server endPoint: 127.0.0.1:62877
TpTrace Information: 0 : 23676, 13, 2023/08/18, 11:34:00.648, 764108843504, vstest.console.dll, SocketServer.Stop: Cancellation requested. Stopping message loop.
TpTrace Information: 0 : 23676, 13, 2023/08/18, 11:34:00.648, 764108843729, vstest.console.dll, Closing the connection
TpTrace Verbose: 0 : 23676, 13, 2023/08/18, 11:34:00.648, 764108845238, vstest.console.dll, ProxyDataCollectionManager.InvokeDataCollectionServiceAction: Starting.
TpTrace Information: 0 : 23676, 13, 2023/08/18, 11:34:00.648, 764108845419, vstest.console.dll, ProxyDataCollectionManager.AfterTestRunEnd: Get attachment set and invoked data collectors processId: 36620 port: 62874
TpTrace Verbose: 0 : 23676, 13, 2023/08/18, 11:34:00.648, 764108845625, vstest.console.dll, DataCollectionRequestSender.SendAfterTestRunStartAndGetResult: Send AfterTestRunEnd message with isCancelled: False
TpTrace Verbose: 0 : 23676, 13, 2023/08/18, 11:34:00.653, 764108894320, vstest.console.dll, DataCollectionRequestSender.SendAfterTestRunStartAndGetResult: Received message: (DataCollection.AfterTestRunEndResult) -> {"MessageType":"DataCollection.AfterTestRunEndResult","Payload":{"AttachmentSets":[],"InvokedDataCollectors":[{"Uri":"datacollector://Microsoft/TestPlatform/Extensions/Blame/v1","FriendlyName":"Blame","AssemblyQualifiedName":"Microsoft.TestPlatform.Extensions.BlameDataCollector.BlameCollector, Microsoft.TestPlatform.Extensions.BlameDataCollector, Version=15.0.0.0, Culture=neutral, PublicKeyToken=b03f5f7f11d50a3a","FilePath":"C:\\Program Files\\dotnet\\sdk\\7.0.200\\Extensions\\Microsoft.TestPlatform.Extensions.BlameDataCollector.dll","HasAttachmentProcessor":false}],"Metrics":{}}}
TpTrace Information: 0 : 23676, 13, 2023/08/18, 11:34:00.656, 764108931325, vstest.console.dll, ProxyDataCollectionManager.InvokeDataCollectionServiceAction: Completed.
TpTrace Warning: 0 : 23676, 10, 2023/08/18, 11:34:00.667, 764109041421, vstest.console.dll, DataCollectionLauncher.ErrorReceivedCallback datacollector standard error line: 
TpTrace Information: 0 : 23676, 10, 2023/08/18, 11:34:00.673, 764109093421, vstest.console.dll, DataCollectionLauncher.ExitCallBack: Data collector exited with exitcode: 0 error: ''
TpTrace Verbose: 0 : 23676, 13, 2023/08/18, 11:34:00.705, 764109421506, vstest.console.dll, TestRunRequest:SendTestRunStatsChange: Starting.
TpTrace Verbose: 0 : 23676, 13, 2023/08/18, 11:34:00.706, 764109424101, vstest.console.dll, MulticastDelegateUtilities.SafeInvoke: TestRun.RunStatsChanged: Invoking callbacks was skipped because there are no subscribers.
TpTrace Information: 0 : 23676, 13, 2023/08/18, 11:34:00.706, 764109424580, vstest.console.dll, TestRunRequest:SendTestRunStatsChange: Completed.
TpTrace Verbose: 0 : 23676, 13, 2023/08/18, 11:34:00.706, 764109427887, vstest.console.dll, ParallelProxyExecutionManager: HandlePartialRunComplete: Total completed clients = 1, Run complete = True, Run canceled: False.
TpTrace Verbose: 0 : 23676, 4, 2023/08/18, 11:34:00.707, 764109441193, vstest.console.dll, MulticastDelegateUtilities.SafeInvoke: InternalTestLoggerEvents.SendTestResult: Invoking callback 1/1 for Microsoft.VisualStudio.TestPlatform.CommandLine.Internal.ConsoleLogger., took 1 ms.
TpTrace Verbose: 0 : 23676, 4, 2023/08/18, 11:34:00.708, 764109443075, vstest.console.dll, MulticastDelegateUtilities.SafeInvoke: InternalTestLoggerEvents.SendTestResult: Invoking callback 1/1 for Microsoft.VisualStudio.TestPlatform.CommandLine.Internal.ConsoleLogger., took 0 ms.
TpTrace Verbose: 0 : 23676, 4, 2023/08/18, 11:34:00.708, 764109449369, vstest.console.dll, MulticastDelegateUtilities.SafeInvoke: InternalTestLoggerEvents.SendTestResult: Invoking callback 1/1 for Microsoft.VisualStudio.TestPlatform.CommandLine.Internal.ConsoleLogger., took 0 ms.
TpTrace Verbose: 0 : 23676, 4, 2023/08/18, 11:34:00.708, 764109450089, vstest.console.dll, MulticastDelegateUtilities.SafeInvoke: InternalTestLoggerEvents.SendTestResult: Invoking callback 1/1 for Microsoft.VisualStudio.TestPlatform.CommandLine.Internal.ConsoleLogger., took 0 ms.
TpTrace Verbose: 0 : 23676, 4, 2023/08/18, 11:34:00.712, 764109489351, vstest.console.dll, MulticastDelegateUtilities.SafeInvoke: InternalTestLoggerEvents.SendTestRunComplete: Invoking callback 1/2 for Microsoft.TestPlatform.Extensions.BlameDataCollector.BlameLogger., took 0 ms.
TpTrace Verbose: 0 : 23676, 4, 2023/08/18, 11:34:00.716, 764109525698, vstest.console.dll, MulticastDelegateUtilities.SafeInvoke: InternalTestLoggerEvents.SendTestRunComplete: Invoking callback 2/2 for Microsoft.VisualStudio.TestPlatform.CommandLine.Internal.ConsoleLogger., took 3 ms.
TpTrace Verbose: 0 : 23676, 13, 2023/08/18, 11:34:00.716, 764109528730, vstest.console.dll, TestRunRequest:TestRunComplete: Starting. IsAborted:False IsCanceled:False.
TpTrace Verbose: 0 : 23676, 13, 2023/08/18, 11:34:00.717, 764109538456, vstest.console.dll, TestLoggerManager.HandleTestRunComplete: Ignoring as the object is disposed.
TpTrace Verbose: 0 : 23676, 13, 2023/08/18, 11:34:00.717, 764109540022, vstest.console.dll, MulticastDelegateUtilities.SafeInvoke: TestRun.TestRunComplete: Invoking callback 1/2 for Microsoft.VisualStudio.TestPlatform.CommandLine.TestRunResultAggregator., took 0 ms.
TpTrace Verbose: 0 : 23676, 13, 2023/08/18, 11:34:00.717, 764109540947, vstest.console.dll, MulticastDelegateUtilities.SafeInvoke: TestRun.TestRunComplete: Invoking callback 2/2 for Microsoft.VisualStudio.TestPlatform.CommandLine.Processors.RunTestsArgumentExecutor+TestRunRequestEventsRegistrar., took 0 ms.
TpTrace Information: 0 : 23676, 13, 2023/08/18, 11:34:00.718, 764109541532, vstest.console.dll, TestRunRequest:TestRunComplete: Completed.
TpTrace Verbose: 0 : 23676, 13, 2023/08/18, 11:34:00.718, 764109541753, vstest.console.dll, TestRequestSender.SetOperationComplete: Setting operation complete.
TpTrace Information: 0 : 23676, 13, 2023/08/18, 11:34:00.718, 764109541882, vstest.console.dll, SocketServer.Stop: Stop server endPoint: 127.0.0.1:62877
TpTrace Information: 0 : 23676, 13, 2023/08/18, 11:34:00.718, 764109541997, vstest.console.dll, SocketServer.Stop: Cancellation requested. Stopping message loop.
TpTrace Verbose: 0 : 23676, 13, 2023/08/18, 11:34:00.718, 764109542261, vstest.console.dll, MulticastDelegateUtilities.SafeInvoke: LengthPrefixCommunicationChannel: MessageReceived: Invoking callback 1/1 for Microsoft.VisualStudio.TestPlatform.CommunicationUtilities.TestRequestSender+<>c__DisplayClass34_0., took 99 ms.
TpTrace Verbose: 0 : 23676, 1, 2023/08/18, 11:34:00.718, 764109542383, vstest.console.dll, TestRunRequest.Dispose: Starting.
TpTrace Information: 0 : 23676, 1, 2023/08/18, 11:34:00.718, 764109542968, vstest.console.dll, TestRunRequest.Dispose: Completed.
TpTrace Information: 0 : 23676, 13, 2023/08/18, 11:34:00.718, 764109542545, vstest.console.dll, SocketServer.PrivateStop: Stopping server endPoint: 127.0.0.1:62877 error: 
TpTrace Information: 0 : 23676, 1, 2023/08/18, 11:34:00.718, 764109543256, vstest.console.dll, TestRequestManager.RunTests: run tests completed.
TpTrace Information: 0 : 23676, 1, 2023/08/18, 11:34:00.718, 764109545116, vstest.console.dll, RunTestsArgumentProcessor:Execute: Test run is completed.
TpTrace Verbose: 0 : 23676, 1, 2023/08/18, 11:34:00.718, 764109546555, vstest.console.dll, Executor.Execute: Exiting with exit code of 0
TpTrace Verbose: 0 : 23676, 13, 2023/08/18, 11:34:00.718, 764109547112, vstest.console.dll, LengthPrefixCommunicationChannel.Dispose: Dispose reader and writer.
TpTrace Information: 0 : 23676, 13, 2023/08/18, 11:34:00.718, 764109547643, vstest.console.dll, SocketServer.Stop: Raise disconnected event endPoint: 127.0.0.1:62877 error: 
TpTrace Verbose: 0 : 23676, 13, 2023/08/18, 11:34:00.718, 764109548226, vstest.console.dll, TestRequestSender: OnTestRunAbort: Operation is already complete. Skip error message.
TpTrace Verbose: 0 : 23676, 13, 2023/08/18, 11:34:00.718, 764109548444, vstest.console.dll, MulticastDelegateUtilities.SafeInvoke: SocketServer: ClientDisconnected: Invoking callback 1/1 for Microsoft.VisualStudio.TestPlatform.CommunicationUtilities.TestRequestSender., took 0 ms.
TpTrace Verbose: 0 : 23676, 13, 2023/08/18, 11:34:00.718, 764109548570, vstest.console.dll, TcpClientExtensions.MessageLoopAsync: exiting MessageLoopAsync remoteEndPoint: 127.0.0.1:62878 localEndPoint: 127.0.0.1:62877
